<?xml version="1.0" encoding="utf-8"?>
<coverage line-rate="0.9722" branch-rate="0.8662000000000001" version="1.9" timestamp="1628548979" lines-covered="3465" lines-valid="3564" branches-covered="913" branches-valid="1054">
  <sources>
    <source>C:\Users\mw\</source>
  </sources>
  <packages>
    <package name="Mawosoft.ImdbScrape" line-rate="0.9901000000000001" branch-rate="0.9617" complexity="404">
      <classes>
        <class name="Mawosoft.ImdbScrape.Http.BackoffException" filename="Projects\ImdbScrape\src\Mawosoft.ImdbScrape\Http\BackoffException.cs" line-rate="1" branch-rate="0.9375" complexity="21">
          <methods>
            <method name="get_Host" signature="()" line-rate="1" branch-rate="1" complexity="1">
              <lines>
                <line number="10" hits="30" branch="False" />
              </lines>
            </method>
            <method name="get_BackoffUntil" signature="()" line-rate="1" branch-rate="1" complexity="1">
              <lines>
                <line number="11" hits="30" branch="False" />
              </lines>
            </method>
            <method name="CreateMessage" signature="(System.String,System.Exception,System.String,System.Nullable`1&lt;System.DateTime&gt;)" line-rate="1" branch-rate="0.9285" complexity="14">
              <lines>
                <line number="36" hits="25" branch="False" />
                <line number="37" hits="25" branch="True" condition-coverage="100% (2/2)">
                  <conditions>
                    <condition number="7" type="jump" coverage="100%" />
                  </conditions>
                </line>
                <line number="38" hits="1" branch="False" />
                <line number="39" hits="24" branch="True" condition-coverage="100% (4/4)">
                  <conditions>
                    <condition number="24" type="jump" coverage="100%" />
                    <condition number="46" type="jump" coverage="100%" />
                  </conditions>
                </line>
                <line number="40" hits="9" branch="True" condition-coverage="50% (1/2)">
                  <conditions>
                    <condition number="72" type="jump" coverage="50%" />
                  </conditions>
                </line>
                <line number="41" hits="15" branch="True" condition-coverage="100% (2/2)">
                  <conditions>
                    <condition number="169" type="jump" coverage="100%" />
                  </conditions>
                </line>
                <line number="42" hits="11" branch="True" condition-coverage="100% (2/2)">
                  <conditions>
                    <condition number="184" type="jump" coverage="100%" />
                  </conditions>
                </line>
                <line number="44" hits="4" branch="True" condition-coverage="100% (2/2)">
                  <conditions>
                    <condition number="256" type="jump" coverage="100%" />
                  </conditions>
                </line>
                <line number="45" hits="25" branch="False" />
              </lines>
            </method>
            <method name=".ctor" signature="()" line-rate="1" branch-rate="1" complexity="1">
              <lines>
                <line number="13" hits="1" branch="False" />
                <line number="14" hits="1" branch="False" />
                <line number="15" hits="1" branch="False" />
              </lines>
            </method>
            <method name=".ctor" signature="(System.String)" line-rate="1" branch-rate="1" complexity="1">
              <lines>
                <line number="17" hits="2" branch="False" />
                <line number="18" hits="2" branch="False" />
                <line number="19" hits="2" branch="False" />
              </lines>
            </method>
            <method name=".ctor" signature="(System.String,System.Exception)" line-rate="1" branch-rate="1" complexity="2">
              <lines>
                <line number="21" hits="32" branch="False" />
                <line number="22" hits="32" branch="False" />
                <line number="23" hits="32" branch="True" condition-coverage="100% (2/2)">
                  <conditions>
                    <condition number="16" type="jump" coverage="100%" />
                  </conditions>
                </line>
                <line number="24" hits="23" branch="False" />
                <line number="25" hits="23" branch="False" />
                <line number="26" hits="23" branch="False" />
                <line number="27" hits="32" branch="False" />
              </lines>
            </method>
            <method name=".ctor" signature="(System.String,System.Exception,System.String,System.Nullable`1&lt;System.DateTime&gt;)" line-rate="1" branch-rate="1" complexity="1">
              <lines>
                <line number="29" hits="25" branch="False" />
                <line number="30" hits="25" branch="False" />
                <line number="31" hits="25" branch="False" />
                <line number="32" hits="25" branch="False" />
                <line number="33" hits="25" branch="False" />
              </lines>
            </method>
          </methods>
          <lines>
            <line number="10" hits="30" branch="False" />
            <line number="11" hits="30" branch="False" />
            <line number="36" hits="25" branch="False" />
            <line number="37" hits="25" branch="True" condition-coverage="100% (2/2)">
              <conditions>
                <condition number="7" type="jump" coverage="100%" />
              </conditions>
            </line>
            <line number="38" hits="1" branch="False" />
            <line number="39" hits="24" branch="True" condition-coverage="100% (4/4)">
              <conditions>
                <condition number="24" type="jump" coverage="100%" />
                <condition number="46" type="jump" coverage="100%" />
              </conditions>
            </line>
            <line number="40" hits="9" branch="True" condition-coverage="50% (1/2)">
              <conditions>
                <condition number="72" type="jump" coverage="50%" />
              </conditions>
            </line>
            <line number="41" hits="15" branch="True" condition-coverage="100% (2/2)">
              <conditions>
                <condition number="169" type="jump" coverage="100%" />
              </conditions>
            </line>
            <line number="42" hits="11" branch="True" condition-coverage="100% (2/2)">
              <conditions>
                <condition number="184" type="jump" coverage="100%" />
              </conditions>
            </line>
            <line number="44" hits="4" branch="True" condition-coverage="100% (2/2)">
              <conditions>
                <condition number="256" type="jump" coverage="100%" />
              </conditions>
            </line>
            <line number="45" hits="25" branch="False" />
            <line number="13" hits="1" branch="False" />
            <line number="14" hits="1" branch="False" />
            <line number="15" hits="1" branch="False" />
            <line number="17" hits="2" branch="False" />
            <line number="18" hits="2" branch="False" />
            <line number="19" hits="2" branch="False" />
            <line number="21" hits="32" branch="False" />
            <line number="22" hits="32" branch="False" />
            <line number="23" hits="32" branch="True" condition-coverage="100% (2/2)">
              <conditions>
                <condition number="16" type="jump" coverage="100%" />
              </conditions>
            </line>
            <line number="24" hits="23" branch="False" />
            <line number="25" hits="23" branch="False" />
            <line number="26" hits="23" branch="False" />
            <line number="27" hits="32" branch="False" />
            <line number="29" hits="25" branch="False" />
            <line number="30" hits="25" branch="False" />
            <line number="31" hits="25" branch="False" />
            <line number="32" hits="25" branch="False" />
            <line number="33" hits="25" branch="False" />
          </lines>
        </class>
        <class name="Mawosoft.ImdbScrape.Http.BackoffHandler" filename="Projects\ImdbScrape\src\Mawosoft.ImdbScrape\Http\BackoffHandler.cs" line-rate="0.9582999999999999" branch-rate="1" complexity="16">
          <methods>
            <method name="&lt;SendAsync&gt;g__HandleFailure|2_0" signature="(Mawosoft.ImdbScrape.Http.ResilienceContext,System.Boolean,System.Exception)" line-rate="0.9545" branch-rate="1" complexity="14">
              <lines>
                <line number="71" hits="30" branch="False" />
                <line number="72" hits="60" branch="False" />
                <line number="73" hits="30" branch="True" condition-coverage="100% (2/2)">
                  <conditions>
                    <condition number="8" type="jump" coverage="100%" />
                  </conditions>
                </line>
                <line number="74" hits="21" branch="False" />
                <line number="76" hits="9" branch="False" />
                <line number="77" hits="30" branch="True" condition-coverage="100% (4/4)">
                  <conditions>
                    <condition number="50" type="switch" coverage="100%" />
                  </conditions>
                </line>
                <line number="80" hits="16" branch="True" condition-coverage="100% (4/4)">
                  <conditions>
                    <condition number="84" type="jump" coverage="100%" />
                    <condition number="101" type="jump" coverage="100%" />
                  </conditions>
                </line>
                <line number="81" hits="16" branch="False" />
                <line number="82" hits="3" branch="False" />
                <line number="83" hits="3" branch="False" />
                <line number="85" hits="13" branch="False" />
                <line number="87" hits="9" branch="False" />
                <line number="88" hits="9" branch="True" condition-coverage="100% (2/2)">
                  <conditions>
                    <condition number="149" type="jump" coverage="100%" />
                  </conditions>
                </line>
                <line number="89" hits="5" branch="False" />
                <line number="90" hits="5" branch="False" />
                <line number="92" hits="4" branch="False" />
                <line number="94" hits="5" branch="True" condition-coverage="100% (2/2)">
                  <conditions>
                    <condition number="194" type="jump" coverage="100%" />
                  </conditions>
                </line>
                <line number="95" hits="5" branch="False" />
                <line number="96" hits="5" branch="False" />
                <line number="98" hits="0" branch="False" />
                <line number="100" hits="17" branch="False" />
                <line number="101" hits="30" branch="False" />
              </lines>
            </method>
            <method name=".ctor" signature="(Mawosoft.ImdbScrape.Http.IResilienceHandlerStage)" line-rate="1" branch-rate="1" complexity="2">
              <lines>
                <line number="15" hits="49" branch="False" />
                <line number="16" hits="49" branch="True" condition-coverage="100% (2/2)">
                  <conditions>
                    <condition number="10" type="jump" coverage="100%" />
                  </conditions>
                </line>
              </lines>
            </method>
          </methods>
          <lines>
            <line number="71" hits="30" branch="False" />
            <line number="72" hits="60" branch="False" />
            <line number="73" hits="30" branch="True" condition-coverage="100% (2/2)">
              <conditions>
                <condition number="8" type="jump" coverage="100%" />
              </conditions>
            </line>
            <line number="74" hits="21" branch="False" />
            <line number="76" hits="9" branch="False" />
            <line number="77" hits="30" branch="True" condition-coverage="100% (4/4)">
              <conditions>
                <condition number="50" type="switch" coverage="100%" />
              </conditions>
            </line>
            <line number="80" hits="16" branch="True" condition-coverage="100% (4/4)">
              <conditions>
                <condition number="84" type="jump" coverage="100%" />
                <condition number="101" type="jump" coverage="100%" />
              </conditions>
            </line>
            <line number="81" hits="16" branch="False" />
            <line number="82" hits="3" branch="False" />
            <line number="83" hits="3" branch="False" />
            <line number="85" hits="13" branch="False" />
            <line number="87" hits="9" branch="False" />
            <line number="88" hits="9" branch="True" condition-coverage="100% (2/2)">
              <conditions>
                <condition number="149" type="jump" coverage="100%" />
              </conditions>
            </line>
            <line number="89" hits="5" branch="False" />
            <line number="90" hits="5" branch="False" />
            <line number="92" hits="4" branch="False" />
            <line number="94" hits="5" branch="True" condition-coverage="100% (2/2)">
              <conditions>
                <condition number="194" type="jump" coverage="100%" />
              </conditions>
            </line>
            <line number="95" hits="5" branch="False" />
            <line number="96" hits="5" branch="False" />
            <line number="98" hits="0" branch="False" />
            <line number="100" hits="17" branch="False" />
            <line number="101" hits="30" branch="False" />
            <line number="15" hits="49" branch="False" />
            <line number="16" hits="49" branch="True" condition-coverage="100% (2/2)">
              <conditions>
                <condition number="10" type="jump" coverage="100%" />
              </conditions>
            </line>
          </lines>
        </class>
        <class name="Mawosoft.ImdbScrape.Http.BackoffHandler/&lt;SendAsync&gt;d__2" filename="Projects\ImdbScrape\src\Mawosoft.ImdbScrape\Http\BackoffHandler.cs" line-rate="1" branch-rate="1" complexity="18">
          <methods>
            <method name="MoveNext" signature="()" line-rate="1" branch-rate="1" complexity="18">
              <lines>
                <line number="19" hits="50" branch="False" />
                <line number="20" hits="50" branch="True" condition-coverage="100% (2/2)">
                  <conditions>
                    <condition number="45" type="jump" coverage="100%" />
                  </conditions>
                </line>
                <line number="21" hits="11" branch="False" />
                <line number="22" hits="11" branch="False" />
                <line number="23" hits="11" branch="True" condition-coverage="100% (2/2)">
                  <conditions>
                    <condition number="100" type="jump" coverage="100%" />
                  </conditions>
                </line>
                <line number="24" hits="5" branch="False" />
                <line number="25" hits="5" branch="False" />
                <line number="26" hits="5" branch="False" />
                <line number="27" hits="11" branch="False" />
                <line number="29" hits="49" branch="False" />
                <line number="30" hits="49" branch="False" />
                <line number="31" hits="39" branch="True" condition-coverage="100% (2/2)">
                  <conditions>
                    <condition number="434" type="jump" coverage="100%" />
                  </conditions>
                </line>
                <line number="32" hits="19" branch="False" />
                <line number="33" hits="19" branch="False" />
                <line number="34" hits="19" branch="True" condition-coverage="100% (4/4)">
                  <conditions>
                    <condition number="489" type="jump" coverage="100%" />
                    <condition number="496" type="jump" coverage="100%" />
                  </conditions>
                </line>
                <line number="37" hits="2" branch="False" />
                <line number="38" hits="2" branch="False" />
                <line number="40" hits="14" branch="True" condition-coverage="100% (4/4)">
                  <conditions>
                    <condition number="538" type="jump" coverage="100%" />
                    <condition number="568" type="jump" coverage="100%" />
                  </conditions>
                </line>
                <line number="41" hits="1" branch="False" />
                <line number="42" hits="1" branch="False" />
                <line number="43" hits="1" branch="False" />
                <line number="44" hits="14" branch="False" />
                <line number="46" hits="19" branch="False" />
                <line number="48" hits="20" branch="False" />
                <line number="49" hits="20" branch="False" />
                <line number="50" hits="20" branch="False" />
                <line number="51" hits="20" branch="False" />
                <line number="52" hits="20" branch="True" condition-coverage="100% (2/2)">
                  <conditions>
                    <condition number="740" type="jump" coverage="100%" />
                  </conditions>
                </line>
                <line number="53" hits="8" branch="False" />
                <line number="54" hits="8" branch="False" />
                <line number="55" hits="8" branch="False" />
                <line number="57" hits="12" branch="False" />
                <line number="58" hits="31" branch="False" />
                <line number="60" hits="18" branch="False" />
                <line number="61" hits="10" branch="False" />
                <line number="62" hits="10" branch="False" />
                <line number="63" hits="10" branch="False" />
                <line number="64" hits="10" branch="True" condition-coverage="100% (2/2)">
                  <conditions>
                    <condition number="958" type="jump" coverage="100%" />
                  </conditions>
                </line>
                <line number="65" hits="5" branch="False" />
                <line number="67" hits="5" branch="False" />
                <line number="102" hits="31" branch="False" />
              </lines>
            </method>
          </methods>
          <lines>
            <line number="19" hits="50" branch="False" />
            <line number="20" hits="50" branch="True" condition-coverage="100% (2/2)">
              <conditions>
                <condition number="45" type="jump" coverage="100%" />
              </conditions>
            </line>
            <line number="21" hits="11" branch="False" />
            <line number="22" hits="11" branch="False" />
            <line number="23" hits="11" branch="True" condition-coverage="100% (2/2)">
              <conditions>
                <condition number="100" type="jump" coverage="100%" />
              </conditions>
            </line>
            <line number="24" hits="5" branch="False" />
            <line number="25" hits="5" branch="False" />
            <line number="26" hits="5" branch="False" />
            <line number="27" hits="11" branch="False" />
            <line number="29" hits="49" branch="False" />
            <line number="30" hits="49" branch="False" />
            <line number="31" hits="39" branch="True" condition-coverage="100% (2/2)">
              <conditions>
                <condition number="434" type="jump" coverage="100%" />
              </conditions>
            </line>
            <line number="32" hits="19" branch="False" />
            <line number="33" hits="19" branch="False" />
            <line number="34" hits="19" branch="True" condition-coverage="100% (4/4)">
              <conditions>
                <condition number="489" type="jump" coverage="100%" />
                <condition number="496" type="jump" coverage="100%" />
              </conditions>
            </line>
            <line number="37" hits="2" branch="False" />
            <line number="38" hits="2" branch="False" />
            <line number="40" hits="14" branch="True" condition-coverage="100% (4/4)">
              <conditions>
                <condition number="538" type="jump" coverage="100%" />
                <condition number="568" type="jump" coverage="100%" />
              </conditions>
            </line>
            <line number="41" hits="1" branch="False" />
            <line number="42" hits="1" branch="False" />
            <line number="43" hits="1" branch="False" />
            <line number="44" hits="14" branch="False" />
            <line number="46" hits="19" branch="False" />
            <line number="48" hits="20" branch="False" />
            <line number="49" hits="20" branch="False" />
            <line number="50" hits="20" branch="False" />
            <line number="51" hits="20" branch="False" />
            <line number="52" hits="20" branch="True" condition-coverage="100% (2/2)">
              <conditions>
                <condition number="740" type="jump" coverage="100%" />
              </conditions>
            </line>
            <line number="53" hits="8" branch="False" />
            <line number="54" hits="8" branch="False" />
            <line number="55" hits="8" branch="False" />
            <line number="57" hits="12" branch="False" />
            <line number="58" hits="31" branch="False" />
            <line number="60" hits="18" branch="False" />
            <line number="61" hits="10" branch="False" />
            <line number="62" hits="10" branch="False" />
            <line number="63" hits="10" branch="False" />
            <line number="64" hits="10" branch="True" condition-coverage="100% (2/2)">
              <conditions>
                <condition number="958" type="jump" coverage="100%" />
              </conditions>
            </line>
            <line number="65" hits="5" branch="False" />
            <line number="67" hits="5" branch="False" />
            <line number="102" hits="31" branch="False" />
          </lines>
        </class>
        <class name="Mawosoft.ImdbScrape.Http.ImdbCacheHandler" filename="Projects\ImdbScrape\src\Mawosoft.ImdbScrape\Http\ImdbCacheHandler.cs" line-rate="0.9852" branch-rate="0.9642000000000001" complexity="29">
          <methods>
            <method name="Send" signature="(System.Net.Http.HttpRequestMessage,System.Threading.CancellationToken)" line-rate="1" branch-rate="1" complexity="1">
              <lines>
                <line number="63" hits="2" branch="False" />
              </lines>
            </method>
            <method name="SendAsync" signature="(System.Net.Http.HttpRequestMessage,System.Threading.CancellationToken)" line-rate="0.9473" branch-rate="0.875" complexity="8">
              <lines>
                <line number="66" hits="177" branch="False" />
                <line number="67" hits="177" branch="False" />
                <line number="68" hits="177" branch="True" condition-coverage="100% (2/2)">
                  <conditions>
                    <condition number="20" type="jump" coverage="100%" />
                  </conditions>
                </line>
                <line number="69" hits="93" branch="False" />
                <line number="70" hits="93" branch="False" />
                <line number="71" hits="93" branch="True" condition-coverage="100% (2/2)">
                  <conditions>
                    <condition number="48" type="jump" coverage="100%" />
                  </conditions>
                </line>
                <line number="72" hits="2" branch="False" />
                <line number="73" hits="2" branch="False" />
                <line number="74" hits="2" branch="False" />
                <line number="75" hits="93" branch="True" condition-coverage="50% (1/2)">
                  <conditions>
                    <condition number="65" type="jump" coverage="50%" />
                  </conditions>
                </line>
                <line number="76" hits="93" branch="False" />
                <line number="77" hits="93" branch="False" />
                <line number="78" hits="93" branch="True" condition-coverage="100% (2/2)">
                  <conditions>
                    <condition number="87" type="jump" coverage="100%" />
                  </conditions>
                </line>
                <line number="79" hits="27" branch="False" />
                <line number="80" hits="27" branch="False" />
                <line number="82" hits="66" branch="False" />
                <line number="84" hits="0" branch="False" />
                <line number="85" hits="84" branch="False" />
                <line number="86" hits="176" branch="False" />
              </lines>
            </method>
            <method name="GetCachedResponse" signature="(System.Net.Http.HttpRequestMessage,Mawosoft.ImdbScrape.Http.ImdbCacheHandler/CacheableUriDescriptor)" line-rate="1" branch-rate="1" complexity="4">
              <lines>
                <line number="159" hits="93" branch="False" />
                <line number="160" hits="93" branch="False" />
                <line number="161" hits="93" branch="True" condition-coverage="100% (2/2)">
                  <conditions>
                    <condition number="25" type="jump" coverage="100%" />
                  </conditions>
                </line>
                <line number="162" hits="66" branch="False" />
                <line number="163" hits="66" branch="False" />
                <line number="166" hits="27" branch="True" condition-coverage="100% (2/2)">
                  <conditions>
                    <condition number="46" type="jump" coverage="100%" />
                  </conditions>
                </line>
                <line number="167" hits="1" branch="False" />
                <line number="168" hits="1" branch="False" />
                <line number="169" hits="1" branch="False" />
                <line number="171" hits="27" branch="False" />
                <line number="172" hits="27" branch="False" />
                <line number="175" hits="27" branch="False" />
                <line number="176" hits="27" branch="False" />
                <line number="177" hits="27" branch="False" />
                <line number="178" hits="27" branch="False" />
                <line number="179" hits="27" branch="False" />
                <line number="180" hits="27" branch="False" />
                <line number="181" hits="27" branch="False" />
                <line number="182" hits="27" branch="False" />
                <line number="183" hits="93" branch="False" />
              </lines>
            </method>
            <method name=".ctor" signature="(System.Uri,System.String)" line-rate="1" branch-rate="1" complexity="16">
              <lines>
                <line number="28" hits="127" branch="False" />
                <line number="30" hits="127" branch="False" />
                <line number="32" hits="127" branch="False" />
                <line number="33" hits="127" branch="False" />
                <line number="34" hits="127" branch="True" condition-coverage="100% (2/2)">
                  <conditions>
                    <condition number="39" type="jump" coverage="100%" />
                  </conditions>
                </line>
                <line number="35" hits="1" branch="False" />
                <line number="36" hits="126" branch="True" condition-coverage="100% (6/6)">
                  <conditions>
                    <condition number="58" type="jump" coverage="100%" />
                    <condition number="76" type="jump" coverage="100%" />
                    <condition number="102" type="jump" coverage="100%" />
                  </conditions>
                </line>
                <line number="37" hits="3" branch="False" />
                <line number="38" hits="123" branch="False" />
                <line number="40" hits="123" branch="True" condition-coverage="100% (2/2)">
                  <conditions>
                    <condition number="135" type="jump" coverage="100%" />
                  </conditions>
                </line>
                <line number="41" hits="3" branch="False" />
                <line number="42" hits="120" branch="False" />
                <line number="43" hits="120" branch="True" condition-coverage="100% (2/2)">
                  <conditions>
                    <condition number="174" type="jump" coverage="100%" />
                  </conditions>
                </line>
                <line number="44" hits="2" branch="False" />
                <line number="45" hits="118" branch="False" />
                <line number="47" hits="118" branch="False" />
                <line number="48" hits="118" branch="True" condition-coverage="100% (2/2)">
                  <conditions>
                    <condition number="227" type="jump" coverage="100%" />
                  </conditions>
                </line>
                <line number="49" hits="4" branch="False" />
                <line number="51" hits="4" branch="False" />
                <line number="52" hits="4" branch="False" />
                <line number="53" hits="4" branch="False" />
                <line number="54" hits="4" branch="False" />
                <line number="55" hits="30" branch="True" condition-coverage="100% (2/2)">
                  <conditions>
                    <condition number="351" type="jump" coverage="100%" />
                  </conditions>
                </line>
                <line number="56" hits="9" branch="False" />
                <line number="57" hits="9" branch="False" />
                <line number="58" hits="9" branch="False" />
                <line number="59" hits="4" branch="False" />
                <line number="60" hits="118" branch="False" />
              </lines>
            </method>
          </methods>
          <lines>
            <line number="63" hits="2" branch="False" />
            <line number="66" hits="177" branch="False" />
            <line number="67" hits="177" branch="False" />
            <line number="68" hits="177" branch="True" condition-coverage="100% (2/2)">
              <conditions>
                <condition number="20" type="jump" coverage="100%" />
              </conditions>
            </line>
            <line number="69" hits="93" branch="False" />
            <line number="70" hits="93" branch="False" />
            <line number="71" hits="93" branch="True" condition-coverage="100% (2/2)">
              <conditions>
                <condition number="48" type="jump" coverage="100%" />
              </conditions>
            </line>
            <line number="72" hits="2" branch="False" />
            <line number="73" hits="2" branch="False" />
            <line number="74" hits="2" branch="False" />
            <line number="75" hits="93" branch="True" condition-coverage="50% (1/2)">
              <conditions>
                <condition number="65" type="jump" coverage="50%" />
              </conditions>
            </line>
            <line number="76" hits="93" branch="False" />
            <line number="77" hits="93" branch="False" />
            <line number="78" hits="93" branch="True" condition-coverage="100% (2/2)">
              <conditions>
                <condition number="87" type="jump" coverage="100%" />
              </conditions>
            </line>
            <line number="79" hits="27" branch="False" />
            <line number="80" hits="27" branch="False" />
            <line number="82" hits="66" branch="False" />
            <line number="84" hits="0" branch="False" />
            <line number="85" hits="84" branch="False" />
            <line number="86" hits="176" branch="False" />
            <line number="159" hits="93" branch="False" />
            <line number="160" hits="93" branch="False" />
            <line number="161" hits="93" branch="True" condition-coverage="100% (2/2)">
              <conditions>
                <condition number="25" type="jump" coverage="100%" />
              </conditions>
            </line>
            <line number="162" hits="66" branch="False" />
            <line number="163" hits="66" branch="False" />
            <line number="166" hits="27" branch="True" condition-coverage="100% (2/2)">
              <conditions>
                <condition number="46" type="jump" coverage="100%" />
              </conditions>
            </line>
            <line number="167" hits="1" branch="False" />
            <line number="168" hits="1" branch="False" />
            <line number="169" hits="1" branch="False" />
            <line number="171" hits="27" branch="False" />
            <line number="172" hits="27" branch="False" />
            <line number="175" hits="27" branch="False" />
            <line number="176" hits="27" branch="False" />
            <line number="177" hits="27" branch="False" />
            <line number="178" hits="27" branch="False" />
            <line number="179" hits="27" branch="False" />
            <line number="180" hits="27" branch="False" />
            <line number="181" hits="27" branch="False" />
            <line number="182" hits="27" branch="False" />
            <line number="183" hits="93" branch="False" />
            <line number="28" hits="127" branch="False" />
            <line number="30" hits="127" branch="False" />
            <line number="32" hits="127" branch="False" />
            <line number="33" hits="127" branch="False" />
            <line number="34" hits="127" branch="True" condition-coverage="100% (2/2)">
              <conditions>
                <condition number="39" type="jump" coverage="100%" />
              </conditions>
            </line>
            <line number="35" hits="1" branch="False" />
            <line number="36" hits="126" branch="True" condition-coverage="100% (6/6)">
              <conditions>
                <condition number="58" type="jump" coverage="100%" />
                <condition number="76" type="jump" coverage="100%" />
                <condition number="102" type="jump" coverage="100%" />
              </conditions>
            </line>
            <line number="37" hits="3" branch="False" />
            <line number="38" hits="123" branch="False" />
            <line number="40" hits="123" branch="True" condition-coverage="100% (2/2)">
              <conditions>
                <condition number="135" type="jump" coverage="100%" />
              </conditions>
            </line>
            <line number="41" hits="3" branch="False" />
            <line number="42" hits="120" branch="False" />
            <line number="43" hits="120" branch="True" condition-coverage="100% (2/2)">
              <conditions>
                <condition number="174" type="jump" coverage="100%" />
              </conditions>
            </line>
            <line number="44" hits="2" branch="False" />
            <line number="45" hits="118" branch="False" />
            <line number="47" hits="118" branch="False" />
            <line number="48" hits="118" branch="True" condition-coverage="100% (2/2)">
              <conditions>
                <condition number="227" type="jump" coverage="100%" />
              </conditions>
            </line>
            <line number="49" hits="4" branch="False" />
            <line number="51" hits="4" branch="False" />
            <line number="52" hits="4" branch="False" />
            <line number="53" hits="4" branch="False" />
            <line number="54" hits="4" branch="False" />
            <line number="55" hits="30" branch="True" condition-coverage="100% (2/2)">
              <conditions>
                <condition number="351" type="jump" coverage="100%" />
              </conditions>
            </line>
            <line number="56" hits="9" branch="False" />
            <line number="57" hits="9" branch="False" />
            <line number="58" hits="9" branch="False" />
            <line number="59" hits="4" branch="False" />
            <line number="60" hits="118" branch="False" />
          </lines>
        </class>
        <class name="Mawosoft.ImdbScrape.Http.ImdbCacheHandler/CacheableUriDescriptor" filename="Projects\ImdbScrape\src\Mawosoft.ImdbScrape\Http\ImdbCacheHandler.cs" line-rate="1" branch-rate="0.95" complexity="47">
          <methods>
            <method name="get_OriginalUri" signature="()" line-rate="1" branch-rate="1" complexity="1">
              <lines>
                <line number="188" hits="176" branch="False" />
              </lines>
            </method>
            <method name="get_OriginalId" signature="()" line-rate="1" branch-rate="1" complexity="1">
              <lines>
                <line number="189" hits="202" branch="False" />
              </lines>
            </method>
            <method name="get_Id" signature="()" line-rate="1" branch-rate="1" complexity="1">
              <lines>
                <line number="190" hits="437" branch="False" />
              </lines>
            </method>
            <method name="get_Type" signature="()" line-rate="1" branch-rate="1" complexity="1">
              <lines>
                <line number="191" hits="264" branch="False" />
              </lines>
            </method>
            <method name="get_Page" signature="()" line-rate="1" branch-rate="1" complexity="1">
              <lines>
                <line number="192" hits="403" branch="False" />
              </lines>
            </method>
            <method name="get_IsRedirect" signature="()" line-rate="1" branch-rate="1" complexity="1">
              <lines>
                <line number="194" hits="72" branch="False" />
              </lines>
            </method>
            <method name="GetUri" signature="()" line-rate="1" branch-rate="0.5" complexity="2">
              <lines>
                <line number="195" hits="1" branch="True" condition-coverage="50% (1/2)">
                  <conditions>
                    <condition number="22" type="jump" coverage="50%" />
                  </conditions>
                </line>
              </lines>
            </method>
            <method name="GetCacheFilePath" signature="(System.String)" line-rate="1" branch-rate="1" complexity="1">
              <lines>
                <line number="198" hits="140" branch="False" />
              </lines>
            </method>
            <method name="Create" signature="(System.Net.Http.HttpRequestMessage,System.Uri)" line-rate="1" branch-rate="1" complexity="18">
              <lines>
                <line number="207" hits="191" branch="False" />
                <line number="209" hits="191" branch="True" condition-coverage="100% (16/16)">
                  <conditions>
                    <condition number="2" type="jump" coverage="100%" />
                    <condition number="18" type="jump" coverage="100%" />
                    <condition number="36" type="jump" coverage="100%" />
                    <condition number="44" type="jump" coverage="100%" />
                    <condition number="62" type="jump" coverage="100%" />
                    <condition number="80" type="jump" coverage="100%" />
                    <condition number="93" type="jump" coverage="100%" />
                    <condition number="117" type="jump" coverage="100%" />
                  </conditions>
                </line>
                <line number="210" hits="191" branch="False" />
                <line number="211" hits="191" branch="False" />
                <line number="212" hits="191" branch="False" />
                <line number="213" hits="191" branch="False" />
                <line number="214" hits="191" branch="False" />
                <line number="215" hits="191" branch="False" />
                <line number="216" hits="40" branch="False" />
                <line number="217" hits="40" branch="False" />
                <line number="220" hits="152" branch="False" />
                <line number="221" hits="152" branch="False" />
                <line number="222" hits="152" branch="False" />
                <line number="223" hits="152" branch="False" />
                <line number="224" hits="151" branch="False" />
                <line number="225" hits="151" branch="True" condition-coverage="100% (2/2)">
                  <conditions>
                    <condition number="189" type="jump" coverage="100%" />
                  </conditions>
                </line>
                <line number="226" hits="191" branch="False" />
              </lines>
            </method>
            <method name="UpdateIsCacheable" signature="(System.String)" line-rate="1" branch-rate="0.75" complexity="4">
              <lines>
                <line number="229" hits="10" branch="False" />
                <line number="230" hits="10" branch="True" condition-coverage="75% (3/4)">
                  <conditions>
                    <condition number="7" type="jump" coverage="50%" />
                    <condition number="26" type="jump" coverage="100%" />
                  </conditions>
                </line>
                <line number="231" hits="10" branch="False" />
                <line number="232" hits="10" branch="False" />
                <line number="233" hits="10" branch="False" />
                <line number="234" hits="10" branch="False" />
                <line number="235" hits="10" branch="False" />
              </lines>
            </method>
            <method name="UpdateIsCacheable" signature="(System.Net.Http.HttpResponseMessage)" line-rate="1" branch-rate="1" complexity="14">
              <lines>
                <line number="238" hits="60" branch="False" />
                <line number="242" hits="60" branch="True" condition-coverage="100% (6/6)">
                  <conditions>
                    <condition number="2" type="jump" coverage="100%" />
                    <condition number="10" type="jump" coverage="100%" />
                    <condition number="36" type="jump" coverage="100%" />
                  </conditions>
                </line>
                <line number="243" hits="2" branch="False" />
                <line number="244" hits="2" branch="False" />
                <line number="247" hits="58" branch="True" condition-coverage="100% (2/2)">
                  <conditions>
                    <condition number="59" type="jump" coverage="100%" />
                  </conditions>
                </line>
                <line number="248" hits="44" branch="False" />
                <line number="249" hits="44" branch="False" />
                <line number="252" hits="14" branch="False" />
                <line number="253" hits="14" branch="True" condition-coverage="100% (6/6)">
                  <conditions>
                    <condition number="85" type="jump" coverage="100%" />
                    <condition number="104" type="jump" coverage="100%" />
                    <condition number="123" type="jump" coverage="100%" />
                  </conditions>
                </line>
                <line number="254" hits="60" branch="False" />
              </lines>
            </method>
            <method name=".ctor" signature="(System.Uri,System.String,System.String,System.String)" line-rate="1" branch-rate="1" complexity="2">
              <lines>
                <line number="200" hits="103" branch="False" />
                <line number="201" hits="103" branch="False" />
                <line number="202" hits="103" branch="False" />
                <line number="203" hits="103" branch="True" condition-coverage="100% (2/2)">
                  <conditions>
                    <condition number="68" type="jump" coverage="100%" />
                  </conditions>
                </line>
                <line number="204" hits="103" branch="False" />
              </lines>
            </method>
          </methods>
          <lines>
            <line number="188" hits="176" branch="False" />
            <line number="189" hits="202" branch="False" />
            <line number="190" hits="437" branch="False" />
            <line number="191" hits="264" branch="False" />
            <line number="192" hits="403" branch="False" />
            <line number="194" hits="72" branch="False" />
            <line number="195" hits="1" branch="True" condition-coverage="50% (1/2)">
              <conditions>
                <condition number="22" type="jump" coverage="50%" />
              </conditions>
            </line>
            <line number="198" hits="140" branch="False" />
            <line number="207" hits="191" branch="False" />
            <line number="209" hits="191" branch="True" condition-coverage="100% (16/16)">
              <conditions>
                <condition number="2" type="jump" coverage="100%" />
                <condition number="18" type="jump" coverage="100%" />
                <condition number="36" type="jump" coverage="100%" />
                <condition number="44" type="jump" coverage="100%" />
                <condition number="62" type="jump" coverage="100%" />
                <condition number="80" type="jump" coverage="100%" />
                <condition number="93" type="jump" coverage="100%" />
                <condition number="117" type="jump" coverage="100%" />
              </conditions>
            </line>
            <line number="210" hits="191" branch="False" />
            <line number="211" hits="191" branch="False" />
            <line number="212" hits="191" branch="False" />
            <line number="213" hits="191" branch="False" />
            <line number="214" hits="191" branch="False" />
            <line number="215" hits="191" branch="False" />
            <line number="216" hits="40" branch="False" />
            <line number="217" hits="40" branch="False" />
            <line number="220" hits="152" branch="False" />
            <line number="221" hits="152" branch="False" />
            <line number="222" hits="152" branch="False" />
            <line number="223" hits="152" branch="False" />
            <line number="224" hits="151" branch="False" />
            <line number="225" hits="151" branch="True" condition-coverage="100% (2/2)">
              <conditions>
                <condition number="189" type="jump" coverage="100%" />
              </conditions>
            </line>
            <line number="226" hits="191" branch="False" />
            <line number="229" hits="10" branch="False" />
            <line number="230" hits="10" branch="True" condition-coverage="75% (3/4)">
              <conditions>
                <condition number="7" type="jump" coverage="50%" />
                <condition number="26" type="jump" coverage="100%" />
              </conditions>
            </line>
            <line number="231" hits="10" branch="False" />
            <line number="232" hits="10" branch="False" />
            <line number="233" hits="10" branch="False" />
            <line number="234" hits="10" branch="False" />
            <line number="235" hits="10" branch="False" />
            <line number="238" hits="60" branch="False" />
            <line number="242" hits="60" branch="True" condition-coverage="100% (6/6)">
              <conditions>
                <condition number="2" type="jump" coverage="100%" />
                <condition number="10" type="jump" coverage="100%" />
                <condition number="36" type="jump" coverage="100%" />
              </conditions>
            </line>
            <line number="243" hits="2" branch="False" />
            <line number="244" hits="2" branch="False" />
            <line number="247" hits="58" branch="True" condition-coverage="100% (2/2)">
              <conditions>
                <condition number="59" type="jump" coverage="100%" />
              </conditions>
            </line>
            <line number="248" hits="44" branch="False" />
            <line number="249" hits="44" branch="False" />
            <line number="252" hits="14" branch="False" />
            <line number="253" hits="14" branch="True" condition-coverage="100% (6/6)">
              <conditions>
                <condition number="85" type="jump" coverage="100%" />
                <condition number="104" type="jump" coverage="100%" />
                <condition number="123" type="jump" coverage="100%" />
              </conditions>
            </line>
            <line number="254" hits="60" branch="False" />
            <line number="200" hits="103" branch="False" />
            <line number="201" hits="103" branch="False" />
            <line number="202" hits="103" branch="False" />
            <line number="203" hits="103" branch="True" condition-coverage="100% (2/2)">
              <conditions>
                <condition number="68" type="jump" coverage="100%" />
              </conditions>
            </line>
            <line number="204" hits="103" branch="False" />
          </lines>
        </class>
        <class name="Mawosoft.ImdbScrape.Http.ImdbCacheHandler/&lt;SendAndCacheResponseAsync&gt;d__8" filename="Projects\ImdbScrape\src\Mawosoft.ImdbScrape\Http\ImdbCacheHandler.cs" line-rate="0.9636" branch-rate="0.9117000000000001" complexity="34">
          <methods>
            <method name="MoveNext" signature="()" line-rate="0.9636" branch-rate="0.9117000000000001" complexity="34">
              <lines>
                <line number="89" hits="66" branch="False" />
                <line number="90" hits="66" branch="False" />
                <line number="91" hits="66" branch="True" condition-coverage="100% (4/4)">
                  <conditions>
                    <condition number="212" type="jump" coverage="100%" />
                    <condition number="237" type="jump" coverage="100%" />
                  </conditions>
                </line>
                <line number="92" hits="6" branch="False" />
                <line number="93" hits="6" branch="False" />
                <line number="96" hits="60" branch="True" condition-coverage="100% (2/2)">
                  <conditions>
                    <condition number="276" type="jump" coverage="100%" />
                  </conditions>
                </line>
                <line number="97" hits="8" branch="False" />
                <line number="98" hits="8" branch="False" />
                <line number="101" hits="52" branch="False" />
                <line number="102" hits="52" branch="True" condition-coverage="83.33% (5/6)">
                  <conditions>
                    <condition number="325" type="jump" coverage="100%" />
                    <condition number="337" type="jump" coverage="50%" />
                    <condition number="362" type="jump" coverage="100%" />
                  </conditions>
                </line>
                <line number="103" hits="5" branch="False" />
                <line number="104" hits="5" branch="False" />
                <line number="107" hits="47" branch="False" />
                <line number="108" hits="47" branch="False" />
                <line number="109" hits="47" branch="True" condition-coverage="50% (1/2)">
                  <conditions>
                    <condition number="437" type="jump" coverage="50%" />
                  </conditions>
                </line>
                <line number="110" hits="0" branch="False" />
                <line number="111" hits="0" branch="False" />
                <line number="114" hits="47" branch="True" condition-coverage="83.33% (5/6)">
                  <conditions>
                    <condition number="469" type="jump" coverage="50%" />
                    <condition number="481" type="jump" coverage="100%" />
                    <condition number="513" type="jump" coverage="100%" />
                  </conditions>
                </line>
                <line number="115" hits="43" branch="False" />
                <line number="116" hits="43" branch="False" />
                <line number="117" hits="43" branch="True" condition-coverage="100% (2/2)">
                  <conditions>
                    <condition number="678" type="jump" coverage="100%" />
                  </conditions>
                </line>
                <line number="118" hits="1" branch="False" />
                <line number="119" hits="1" branch="False" />
                <line number="121" hits="42" branch="False" />
                <line number="122" hits="42" branch="False" />
                <line number="123" hits="42" branch="False" />
                <line number="125" hits="4" branch="False" />
                <line number="126" hits="4" branch="False" />
                <line number="127" hits="4" branch="True" condition-coverage="100% (2/2)">
                  <conditions>
                    <condition number="1009" type="jump" coverage="100%" />
                  </conditions>
                </line>
                <line number="128" hits="1" branch="False" />
                <line number="129" hits="1" branch="False" />
                <line number="131" hits="3" branch="False" />
                <line number="133" hits="3" branch="False" />
                <line number="134" hits="3" branch="False" />
                <line number="135" hits="45" branch="True" condition-coverage="100% (2/2)">
                  <conditions>
                    <condition number="1186" type="jump" coverage="100%" />
                  </conditions>
                </line>
                <line number="136" hits="8" branch="False" />
                <line number="137" hits="8" branch="True" condition-coverage="100% (4/4)">
                  <conditions>
                    <condition number="1225" type="jump" coverage="100%" />
                    <condition number="1256" type="jump" coverage="100%" />
                  </conditions>
                </line>
                <line number="138" hits="8" branch="False" />
                <line number="140" hits="8" branch="False" />
                <line number="141" hits="8" branch="False" />
                <line number="142" hits="8" branch="True" condition-coverage="100% (2/2)">
                  <conditions>
                    <condition number="1350" type="jump" coverage="100%" />
                  </conditions>
                </line>
                <line number="143" hits="1" branch="False" />
                <line number="144" hits="1" branch="False" />
                <line number="145" hits="1" branch="False" />
                <line number="146" hits="8" branch="False" />
                <line number="147" hits="46" branch="True" condition-coverage="100% (2/2)">
                  <conditions>
                    <condition number="1546" type="jump" coverage="100%" />
                  </conditions>
                </line>
                <line number="148" hits="11" branch="False" />
                <line number="149" hits="11" branch="False" />
                <line number="150" hits="11" branch="False" />
                <line number="151" hits="8" branch="False" />
                <line number="152" hits="8" branch="False" />
                <line number="153" hits="8" branch="False" />
                <line number="154" hits="8" branch="False" />
                <line number="155" hits="45" branch="False" />
                <line number="156" hits="66" branch="False" />
              </lines>
            </method>
          </methods>
          <lines>
            <line number="89" hits="66" branch="False" />
            <line number="90" hits="66" branch="False" />
            <line number="91" hits="66" branch="True" condition-coverage="100% (4/4)">
              <conditions>
                <condition number="212" type="jump" coverage="100%" />
                <condition number="237" type="jump" coverage="100%" />
              </conditions>
            </line>
            <line number="92" hits="6" branch="False" />
            <line number="93" hits="6" branch="False" />
            <line number="96" hits="60" branch="True" condition-coverage="100% (2/2)">
              <conditions>
                <condition number="276" type="jump" coverage="100%" />
              </conditions>
            </line>
            <line number="97" hits="8" branch="False" />
            <line number="98" hits="8" branch="False" />
            <line number="101" hits="52" branch="False" />
            <line number="102" hits="52" branch="True" condition-coverage="83.33% (5/6)">
              <conditions>
                <condition number="325" type="jump" coverage="100%" />
                <condition number="337" type="jump" coverage="50%" />
                <condition number="362" type="jump" coverage="100%" />
              </conditions>
            </line>
            <line number="103" hits="5" branch="False" />
            <line number="104" hits="5" branch="False" />
            <line number="107" hits="47" branch="False" />
            <line number="108" hits="47" branch="False" />
            <line number="109" hits="47" branch="True" condition-coverage="50% (1/2)">
              <conditions>
                <condition number="437" type="jump" coverage="50%" />
              </conditions>
            </line>
            <line number="110" hits="0" branch="False" />
            <line number="111" hits="0" branch="False" />
            <line number="114" hits="47" branch="True" condition-coverage="83.33% (5/6)">
              <conditions>
                <condition number="469" type="jump" coverage="50%" />
                <condition number="481" type="jump" coverage="100%" />
                <condition number="513" type="jump" coverage="100%" />
              </conditions>
            </line>
            <line number="115" hits="43" branch="False" />
            <line number="116" hits="43" branch="False" />
            <line number="117" hits="43" branch="True" condition-coverage="100% (2/2)">
              <conditions>
                <condition number="678" type="jump" coverage="100%" />
              </conditions>
            </line>
            <line number="118" hits="1" branch="False" />
            <line number="119" hits="1" branch="False" />
            <line number="121" hits="42" branch="False" />
            <line number="122" hits="42" branch="False" />
            <line number="123" hits="42" branch="False" />
            <line number="125" hits="4" branch="False" />
            <line number="126" hits="4" branch="False" />
            <line number="127" hits="4" branch="True" condition-coverage="100% (2/2)">
              <conditions>
                <condition number="1009" type="jump" coverage="100%" />
              </conditions>
            </line>
            <line number="128" hits="1" branch="False" />
            <line number="129" hits="1" branch="False" />
            <line number="131" hits="3" branch="False" />
            <line number="133" hits="3" branch="False" />
            <line number="134" hits="3" branch="False" />
            <line number="135" hits="45" branch="True" condition-coverage="100% (2/2)">
              <conditions>
                <condition number="1186" type="jump" coverage="100%" />
              </conditions>
            </line>
            <line number="136" hits="8" branch="False" />
            <line number="137" hits="8" branch="True" condition-coverage="100% (4/4)">
              <conditions>
                <condition number="1225" type="jump" coverage="100%" />
                <condition number="1256" type="jump" coverage="100%" />
              </conditions>
            </line>
            <line number="138" hits="8" branch="False" />
            <line number="140" hits="8" branch="False" />
            <line number="141" hits="8" branch="False" />
            <line number="142" hits="8" branch="True" condition-coverage="100% (2/2)">
              <conditions>
                <condition number="1350" type="jump" coverage="100%" />
              </conditions>
            </line>
            <line number="143" hits="1" branch="False" />
            <line number="144" hits="1" branch="False" />
            <line number="145" hits="1" branch="False" />
            <line number="146" hits="8" branch="False" />
            <line number="147" hits="46" branch="True" condition-coverage="100% (2/2)">
              <conditions>
                <condition number="1546" type="jump" coverage="100%" />
              </conditions>
            </line>
            <line number="148" hits="11" branch="False" />
            <line number="149" hits="11" branch="False" />
            <line number="150" hits="11" branch="False" />
            <line number="151" hits="8" branch="False" />
            <line number="152" hits="8" branch="False" />
            <line number="153" hits="8" branch="False" />
            <line number="154" hits="8" branch="False" />
            <line number="155" hits="45" branch="False" />
            <line number="156" hits="66" branch="False" />
          </lines>
        </class>
        <class name="Mawosoft.ImdbScrape.Http.RateLimiter" filename="Projects\ImdbScrape\src\Mawosoft.ImdbScrape\Http\RateLimiter.cs" line-rate="1" branch-rate="1" complexity="31">
          <methods>
            <method name="get_MaxCount" signature="()" line-rate="1" branch-rate="1" complexity="1">
              <lines>
                <line number="30" hits="70" branch="False" />
              </lines>
            </method>
            <method name="set_MaxCount" signature="(System.Int32)" line-rate="1" branch-rate="1" complexity="2">
              <lines>
                <line number="32" hits="102" branch="False" />
                <line number="33" hits="102" branch="True" condition-coverage="100% (2/2)">
                  <conditions>
                    <condition number="10" type="jump" coverage="100%" />
                  </conditions>
                </line>
                <line number="34" hits="4" branch="False" />
                <line number="35" hits="4" branch="False" />
                <line number="37" hits="98" branch="False" />
                <line number="38" hits="98" branch="False" />
                <line number="39" hits="98" branch="False" />
                <line number="40" hits="98" branch="False" />
                <line number="41" hits="98" branch="False" />
              </lines>
            </method>
            <method name="get_ActiveCount" signature="()" line-rate="1" branch-rate="1" complexity="1">
              <lines>
                <line number="46" hits="22" branch="False" />
              </lines>
            </method>
            <method name="AvailableCount" signature="()" line-rate="1" branch-rate="1" complexity="1">
              <lines>
                <line number="51" hits="20" branch="False" />
                <line number="52" hits="20" branch="False" />
                <line number="53" hits="20" branch="False" />
                <line number="54" hits="20" branch="False" />
                <line number="55" hits="20" branch="False" />
                <line number="57" hits="20" branch="False" />
              </lines>
            </method>
            <method name="get_Interval" signature="()" line-rate="1" branch-rate="1" complexity="1">
              <lines>
                <line number="61" hits="71" branch="False" />
              </lines>
            </method>
            <method name="set_Interval" signature="(System.TimeSpan)" line-rate="1" branch-rate="1" complexity="4">
              <lines>
                <line number="63" hits="104" branch="False" />
                <line number="64" hits="104" branch="True" condition-coverage="100% (4/4)">
                  <conditions>
                    <condition number="12" type="jump" coverage="100%" />
                    <condition number="39" type="jump" coverage="100%" />
                  </conditions>
                </line>
                <line number="65" hits="6" branch="False" />
                <line number="66" hits="6" branch="False" />
                <line number="68" hits="98" branch="False" />
                <line number="69" hits="98" branch="False" />
                <line number="70" hits="98" branch="False" />
                <line number="71" hits="98" branch="False" />
                <line number="72" hits="98" branch="False" />
              </lines>
            </method>
            <method name="Dispose" signature="()" line-rate="1" branch-rate="1" complexity="2">
              <lines>
                <line number="92" hits="21118" branch="True" condition-coverage="100% (2/2)">
                  <conditions>
                    <condition number="7" type="jump" coverage="100%" />
                  </conditions>
                </line>
              </lines>
            </method>
            <method name="TryAcquirePermit" signature="(System.Int32&amp;)" line-rate="1" branch-rate="1" complexity="2">
              <lines>
                <line number="95" hits="22" branch="False" />
                <line number="96" hits="22" branch="True" condition-coverage="100% (2/2)">
                  <conditions>
                    <condition number="12" type="jump" coverage="100%" />
                  </conditions>
                </line>
                <line number="97" hits="1" branch="False" />
                <line number="98" hits="1" branch="False" />
                <line number="100" hits="21" branch="False" />
                <line number="101" hits="21" branch="False" />
              </lines>
            </method>
            <method name="TryAcquirePermitCore" signature="(System.Int32&amp;)" line-rate="1" branch-rate="1" complexity="4">
              <lines>
                <line number="104" hits="146" branch="False" />
                <line number="105" hits="146" branch="False" />
                <line number="106" hits="146" branch="False" />
                <line number="107" hits="146" branch="False" />
                <line number="108" hits="146" branch="False" />
                <line number="109" hits="146" branch="True" condition-coverage="100% (2/2)">
                  <conditions>
                    <condition number="59" type="jump" coverage="100%" />
                  </conditions>
                </line>
                <line number="110" hits="38" branch="False" />
                <line number="111" hits="38" branch="False" />
                <line number="112" hits="38" branch="False" />
                <line number="113" hits="146" branch="False" />
                <line number="114" hits="146" branch="False" />
                <line number="115" hits="146" branch="False" />
                <line number="116" hits="146" branch="True" condition-coverage="100% (2/2)">
                  <conditions>
                    <condition number="157" type="jump" coverage="100%" />
                  </conditions>
                </line>
                <line number="117" hits="105" branch="False" />
                <line number="118" hits="105" branch="False" />
                <line number="119" hits="105" branch="False" />
                <line number="121" hits="41" branch="False" />
                <line number="123" hits="146" branch="False" />
              </lines>
            </method>
            <method name="UpdateActivePermits" signature="()" line-rate="1" branch-rate="1" complexity="4">
              <lines>
                <line number="126" hits="166" branch="False" />
                <line number="128" hits="166" branch="False" />
                <line number="129" hits="248" branch="True" condition-coverage="100% (4/4)">
                  <conditions>
                    <condition number="77" type="jump" coverage="100%" />
                    <condition number="53" type="jump" coverage="100%" />
                  </conditions>
                </line>
                <line number="130" hits="82" branch="False" />
                <line number="131" hits="82" branch="False" />
                <line number="132" hits="82" branch="False" />
                <line number="133" hits="166" branch="False" />
              </lines>
            </method>
            <method name="WaitForPermitAsync" signature="()" line-rate="1" branch-rate="1" complexity="1">
              <lines>
                <line number="135" hits="60" branch="False" />
              </lines>
            </method>
            <method name=".ctor" signature="(System.Int32,System.TimeSpan,System.Boolean)" line-rate="1" branch-rate="1" complexity="8">
              <lines>
                <line number="21" hits="21134" branch="False" />
                <line number="25" hits="21134" branch="False" />
                <line number="76" hits="21134" branch="False" />
                <line number="77" hits="21134" branch="False" />
                <line number="78" hits="21134" branch="True" condition-coverage="100% (2/2)">
                  <conditions>
                    <condition number="46" type="jump" coverage="100%" />
                  </conditions>
                </line>
                <line number="79" hits="14" branch="False" />
                <line number="80" hits="21120" branch="True" condition-coverage="100% (4/4)">
                  <conditions>
                    <condition number="70" type="jump" coverage="100%" />
                    <condition number="97" type="jump" coverage="100%" />
                  </conditions>
                </line>
                <line number="81" hits="6" branch="False" />
                <line number="83" hits="21114" branch="False" />
                <line number="84" hits="21114" branch="False" />
                <line number="85" hits="21114" branch="False" />
                <line number="86" hits="21112" branch="True" condition-coverage="100% (2/2)">
                  <conditions>
                    <condition number="139" type="jump" coverage="100%" />
                  </conditions>
                </line>
                <line number="87" hits="7014" branch="False" />
                <line number="88" hits="7014" branch="False" />
                <line number="89" hits="7014" branch="False" />
                <line number="90" hits="21112" branch="False" />
              </lines>
            </method>
          </methods>
          <lines>
            <line number="30" hits="70" branch="False" />
            <line number="32" hits="102" branch="False" />
            <line number="33" hits="102" branch="True" condition-coverage="100% (2/2)">
              <conditions>
                <condition number="10" type="jump" coverage="100%" />
              </conditions>
            </line>
            <line number="34" hits="4" branch="False" />
            <line number="35" hits="4" branch="False" />
            <line number="37" hits="98" branch="False" />
            <line number="38" hits="98" branch="False" />
            <line number="39" hits="98" branch="False" />
            <line number="40" hits="98" branch="False" />
            <line number="41" hits="98" branch="False" />
            <line number="46" hits="22" branch="False" />
            <line number="51" hits="20" branch="False" />
            <line number="52" hits="20" branch="False" />
            <line number="53" hits="20" branch="False" />
            <line number="54" hits="20" branch="False" />
            <line number="55" hits="20" branch="False" />
            <line number="57" hits="20" branch="False" />
            <line number="61" hits="71" branch="False" />
            <line number="63" hits="104" branch="False" />
            <line number="64" hits="104" branch="True" condition-coverage="100% (4/4)">
              <conditions>
                <condition number="12" type="jump" coverage="100%" />
                <condition number="39" type="jump" coverage="100%" />
              </conditions>
            </line>
            <line number="65" hits="6" branch="False" />
            <line number="66" hits="6" branch="False" />
            <line number="68" hits="98" branch="False" />
            <line number="69" hits="98" branch="False" />
            <line number="70" hits="98" branch="False" />
            <line number="71" hits="98" branch="False" />
            <line number="72" hits="98" branch="False" />
            <line number="92" hits="21118" branch="True" condition-coverage="100% (2/2)">
              <conditions>
                <condition number="7" type="jump" coverage="100%" />
              </conditions>
            </line>
            <line number="95" hits="22" branch="False" />
            <line number="96" hits="22" branch="True" condition-coverage="100% (2/2)">
              <conditions>
                <condition number="12" type="jump" coverage="100%" />
              </conditions>
            </line>
            <line number="97" hits="1" branch="False" />
            <line number="98" hits="1" branch="False" />
            <line number="100" hits="21" branch="False" />
            <line number="101" hits="21" branch="False" />
            <line number="104" hits="146" branch="False" />
            <line number="105" hits="146" branch="False" />
            <line number="106" hits="146" branch="False" />
            <line number="107" hits="146" branch="False" />
            <line number="108" hits="146" branch="False" />
            <line number="109" hits="146" branch="True" condition-coverage="100% (2/2)">
              <conditions>
                <condition number="59" type="jump" coverage="100%" />
              </conditions>
            </line>
            <line number="110" hits="38" branch="False" />
            <line number="111" hits="38" branch="False" />
            <line number="112" hits="38" branch="False" />
            <line number="113" hits="146" branch="False" />
            <line number="114" hits="146" branch="False" />
            <line number="115" hits="146" branch="False" />
            <line number="116" hits="146" branch="True" condition-coverage="100% (2/2)">
              <conditions>
                <condition number="157" type="jump" coverage="100%" />
              </conditions>
            </line>
            <line number="117" hits="105" branch="False" />
            <line number="118" hits="105" branch="False" />
            <line number="119" hits="105" branch="False" />
            <line number="121" hits="41" branch="False" />
            <line number="123" hits="146" branch="False" />
            <line number="126" hits="166" branch="False" />
            <line number="128" hits="166" branch="False" />
            <line number="129" hits="248" branch="True" condition-coverage="100% (4/4)">
              <conditions>
                <condition number="77" type="jump" coverage="100%" />
                <condition number="53" type="jump" coverage="100%" />
              </conditions>
            </line>
            <line number="130" hits="82" branch="False" />
            <line number="131" hits="82" branch="False" />
            <line number="132" hits="82" branch="False" />
            <line number="133" hits="166" branch="False" />
            <line number="135" hits="60" branch="False" />
            <line number="21" hits="21134" branch="False" />
            <line number="25" hits="21134" branch="False" />
            <line number="76" hits="21134" branch="False" />
            <line number="77" hits="21134" branch="False" />
            <line number="78" hits="21134" branch="True" condition-coverage="100% (2/2)">
              <conditions>
                <condition number="46" type="jump" coverage="100%" />
              </conditions>
            </line>
            <line number="79" hits="14" branch="False" />
            <line number="80" hits="21120" branch="True" condition-coverage="100% (4/4)">
              <conditions>
                <condition number="70" type="jump" coverage="100%" />
                <condition number="97" type="jump" coverage="100%" />
              </conditions>
            </line>
            <line number="81" hits="6" branch="False" />
            <line number="83" hits="21114" branch="False" />
            <line number="84" hits="21114" branch="False" />
            <line number="85" hits="21114" branch="False" />
            <line number="86" hits="21112" branch="True" condition-coverage="100% (2/2)">
              <conditions>
                <condition number="139" type="jump" coverage="100%" />
              </conditions>
            </line>
            <line number="87" hits="7014" branch="False" />
            <line number="88" hits="7014" branch="False" />
            <line number="89" hits="7014" branch="False" />
            <line number="90" hits="21112" branch="False" />
          </lines>
        </class>
        <class name="Mawosoft.ImdbScrape.Http.RateLimiter/&lt;WaitForPermitAsync&gt;d__21" filename="Projects\ImdbScrape\src\Mawosoft.ImdbScrape\Http\RateLimiter.cs" line-rate="1" branch-rate="1" complexity="2">
          <methods>
            <method name="MoveNext" signature="()" line-rate="1" branch-rate="1" complexity="2">
              <lines>
                <line number="138" hits="106" branch="False" />
                <line number="139" hits="106" branch="True" condition-coverage="100% (2/2)">
                  <conditions>
                    <condition number="56" type="jump" coverage="100%" />
                  </conditions>
                </line>
                <line number="140" hits="24" branch="False" />
                <line number="141" hits="24" branch="False" />
                <line number="144" hits="82" branch="False" />
                <line number="145" hits="82" branch="False" />
                <line number="147" hits="62" branch="False" />
                <line number="148" hits="62" branch="False" />
                <line number="149" hits="62" branch="False" />
                <line number="152" hits="62" branch="False" />
                <line number="153" hits="62" branch="False" />
                <line number="154" hits="62" branch="False" />
                <line number="168" hits="86" branch="False" />
              </lines>
            </method>
          </methods>
          <lines>
            <line number="138" hits="106" branch="False" />
            <line number="139" hits="106" branch="True" condition-coverage="100% (2/2)">
              <conditions>
                <condition number="56" type="jump" coverage="100%" />
              </conditions>
            </line>
            <line number="140" hits="24" branch="False" />
            <line number="141" hits="24" branch="False" />
            <line number="144" hits="82" branch="False" />
            <line number="145" hits="82" branch="False" />
            <line number="147" hits="62" branch="False" />
            <line number="148" hits="62" branch="False" />
            <line number="149" hits="62" branch="False" />
            <line number="152" hits="62" branch="False" />
            <line number="153" hits="62" branch="False" />
            <line number="154" hits="62" branch="False" />
            <line number="168" hits="86" branch="False" />
          </lines>
        </class>
        <class name="Mawosoft.ImdbScrape.Http.RateLimiter/&lt;&lt;WaitForPermitAsync&gt;g__Core|21_0&gt;d" filename="Projects\ImdbScrape\src\Mawosoft.ImdbScrape\Http\RateLimiter.cs" line-rate="1" branch-rate="1" complexity="2">
          <methods>
[...]
                  <conditions>
                    <condition number="437" type="jump" coverage="100%" />
                  </conditions>
                </line>
                <line number="53" hits="45" branch="False" />
                <line number="54" hits="45" branch="True" condition-coverage="100% (6/6)">
                  <conditions>
                    <condition number="271" type="jump" coverage="100%" />
                    <condition number="285" type="jump" coverage="100%" />
                    <condition number="306" type="jump" coverage="100%" />
                  </conditions>
                </line>
                <line number="55" hits="2" branch="False" />
                <line number="56" hits="2" branch="False" />
                <line number="58" hits="43" branch="False" />
                <line number="59" hits="43" branch="True" condition-coverage="100% (4/4)">
                  <conditions>
                    <condition number="330" type="jump" coverage="100%" />
                    <condition number="351" type="jump" coverage="100%" />
                  </conditions>
                </line>
                <line number="60" hits="16" branch="False" />
                <line number="61" hits="16" branch="True" condition-coverage="100% (2/2)">
                  <conditions>
                    <condition number="370" type="jump" coverage="100%" />
                  </conditions>
                </line>
                <line number="62" hits="5" branch="False" />
                <line number="63" hits="11" branch="True" condition-coverage="100% (2/2)">
                  <conditions>
                    <condition number="397" type="jump" coverage="100%" />
                  </conditions>
                </line>
                <line number="64" hits="4" branch="False" />
                <line number="65" hits="16" branch="False" />
                <line number="66" hits="43" branch="False" />
                <line number="67" hits="43" branch="False" />
                <line number="68" hits="9" branch="False" />
                <line number="69" hits="3" branch="False" />
                <line number="70" hits="1" branch="False" />
              </lines>
            </method>
          </methods>
          <lines>
            <line number="29" hits="1" branch="False" />
            <line number="30" hits="1" branch="False" />
            <line number="31" hits="1" branch="False" />
            <line number="32" hits="1" branch="False" />
            <line number="33" hits="1" branch="False" />
            <line number="38" hits="9" branch="True" condition-coverage="100% (2/2)">
              <conditions>
                <condition number="472" type="jump" coverage="100%" />
              </conditions>
            </line>
            <line number="39" hits="3" branch="False" />
            <line number="40" hits="27" branch="True" condition-coverage="100% (2/2)">
              <conditions>
                <condition number="455" type="jump" coverage="100%" />
              </conditions>
            </line>
            <line number="41" hits="9" branch="False" />
            <line number="42" hits="9" branch="False" />
            <line number="43" hits="9" branch="True" condition-coverage="100% (2/2)">
              <conditions>
                <condition number="178" type="jump" coverage="100%" />
              </conditions>
            </line>
            <line number="44" hits="6" branch="False" />
            <line number="45" hits="6" branch="True" condition-coverage="100% (2/2)">
              <conditions>
                <condition number="197" type="jump" coverage="100%" />
              </conditions>
            </line>
            <line number="46" hits="2" branch="False" />
            <line number="47" hits="6" branch="False" />
            <line number="49" hits="3" branch="False" />
            <line number="50" hits="3" branch="True" condition-coverage="100% (2/2)">
              <conditions>
                <condition number="222" type="jump" coverage="100%" />
              </conditions>
            </line>
            <line number="51" hits="3" branch="False" />
            <line number="52" hits="117" branch="True" condition-coverage="100% (2/2)">
              <conditions>
                <condition number="437" type="jump" coverage="100%" />
              </conditions>
            </line>
            <line number="53" hits="45" branch="False" />
            <line number="54" hits="45" branch="True" condition-coverage="100% (6/6)">
              <conditions>
                <condition number="271" type="jump" coverage="100%" />
                <condition number="285" type="jump" coverage="100%" />
                <condition number="306" type="jump" coverage="100%" />
              </conditions>
            </line>
            <line number="55" hits="2" branch="False" />
            <line number="56" hits="2" branch="False" />
            <line number="58" hits="43" branch="False" />
            <line number="59" hits="43" branch="True" condition-coverage="100% (4/4)">
              <conditions>
                <condition number="330" type="jump" coverage="100%" />
                <condition number="351" type="jump" coverage="100%" />
              </conditions>
            </line>
            <line number="60" hits="16" branch="False" />
            <line number="61" hits="16" branch="True" condition-coverage="100% (2/2)">
              <conditions>
                <condition number="370" type="jump" coverage="100%" />
              </conditions>
            </line>
            <line number="62" hits="5" branch="False" />
            <line number="63" hits="11" branch="True" condition-coverage="100% (2/2)">
              <conditions>
                <condition number="397" type="jump" coverage="100%" />
              </conditions>
            </line>
            <line number="64" hits="4" branch="False" />
            <line number="65" hits="16" branch="False" />
            <line number="66" hits="43" branch="False" />
            <line number="67" hits="43" branch="False" />
            <line number="68" hits="9" branch="False" />
            <line number="69" hits="3" branch="False" />
            <line number="70" hits="1" branch="False" />
          </lines>
        </class>
        <class name="Mawosoft.ImdbScrape.Http.Tests.TimeoutHandlerTests/&lt;&gt;c__DisplayClass3_0" filename="Projects\ImdbScrape\tests\UnitTests\Mawosoft.ImdbScrape.Tests\Http\TimeoutHandlerTests.cs" line-rate="1" branch-rate="1" complexity="1">
          <methods>
            <method name="&lt;SendAsync_AllTestcaseCombinations&gt;b__0" signature="()" line-rate="1" branch-rate="1" complexity="1">
              <lines>
                <line number="181" hits="58" branch="False" />
              </lines>
            </method>
          </methods>
          <lines>
            <line number="181" hits="58" branch="False" />
          </lines>
        </class>
        <class name="Mawosoft.ImdbScrape.Http.Tests.TimeoutHandlerTests/&lt;SendAsync_AllTestcaseCombinations&gt;d__3" filename="Projects\ImdbScrape\tests\UnitTests\Mawosoft.ImdbScrape.Tests\Http\TimeoutHandlerTests.cs" line-rate="0.9229999999999999" branch-rate="0.875" complexity="40">
          <methods>
            <method name="MoveNext" signature="()" line-rate="0.9229999999999999" branch-rate="0.875" complexity="40">
              <lines>
                <line number="78" hits="43" branch="False" />
                <line number="79" hits="43" branch="False" />
                <line number="80" hits="43" branch="False" />
                <line number="81" hits="43" branch="False" />
                <line number="82" hits="43" branch="False" />
                <line number="83" hits="43" branch="False" />
                <line number="84" hits="43" branch="False" />
                <line number="86" hits="43" branch="True" condition-coverage="83.33% (5/6)">
                  <conditions>
                    <condition number="141" type="jump" coverage="100%" />
                    <condition number="154" type="jump" coverage="100%" />
                    <condition number="167" type="jump" coverage="50%" />
                  </conditions>
                </line>
                <line number="89" hits="13" branch="False" />
                <line number="90" hits="13" branch="False" />
                <line number="92" hits="15" branch="False" />
                <line number="93" hits="15" branch="False" />
                <line number="95" hits="15" branch="False" />
                <line number="97" hits="15" branch="False" />
                <line number="98" hits="15" branch="False" />
                <line number="100" hits="0" branch="False" />
                <line number="102" hits="43" branch="True" condition-coverage="83.33% (5/6)">
                  <conditions>
                    <condition number="334" type="jump" coverage="100%" />
                    <condition number="347" type="jump" coverage="100%" />
                    <condition number="360" type="jump" coverage="50%" />
                  </conditions>
                </line>
                <line number="105" hits="15" branch="False" />
                <line number="107" hits="14" branch="False" />
                <line number="108" hits="14" branch="False" />
                <line number="110" hits="14" branch="False" />
                <line number="111" hits="14" branch="False" />
                <line number="112" hits="14" branch="False" />
                <line number="114" hits="0" branch="False" />
                <line number="116" hits="43" branch="True" condition-coverage="90% (9/10)">
                  <conditions>
                    <condition number="484" type="jump" coverage="100%" />
                    <condition number="497" type="jump" coverage="100%" />
                    <condition number="510" type="jump" coverage="100%" />
                    <condition number="523" type="jump" coverage="100%" />
                    <condition number="536" type="jump" coverage="50%" />
                  </conditions>
                </line>
                <line number="119" hits="9" branch="False" />
                <line number="121" hits="9" branch="False" />
                <line number="122" hits="9" branch="False" />
                <line number="124" hits="9" branch="False" />
                <line number="125" hits="9" branch="False" />
                <line number="128" hits="7" branch="False" />
                <line number="129" hits="7" branch="False" />
                <line number="131" hits="9" branch="False" />
                <line number="132" hits="9" branch="False" />
                <line number="134" hits="0" branch="False" />
                <line number="137" hits="43" branch="False" />
                <line number="139" hits="43" branch="False" />
                <line number="140" hits="43" branch="True" condition-coverage="83.33% (5/6)">
                  <conditions>
                    <condition number="977" type="jump" coverage="100%" />
                    <condition number="990" type="jump" coverage="100%" />
                    <condition number="1003" type="jump" coverage="50%" />
                  </conditions>
                </line>
                <line number="143" hits="34" branch="True" condition-coverage="100% (2/2)">
                  <conditions>
                    <condition number="1025" type="jump" coverage="100%" />
                  </conditions>
                </line>
                <line number="144" hits="33" branch="False" />
                <line number="146" hits="4" branch="False" />
                <line number="147" hits="4" branch="False" />
                <line number="148" hits="4" branch="False" />
                <line number="150" hits="5" branch="False" />
                <line number="151" hits="5" branch="False" />
                <line number="152" hits="5" branch="False" />
                <line number="153" hits="5" branch="False" />
                <line number="155" hits="0" branch="True" condition-coverage="87.5% (7/8)">
                  <conditions>
                    <condition number="1281" type="jump" coverage="100%" />
                    <condition number="1294" type="jump" coverage="100%" />
                    <condition number="1307" type="jump" coverage="100%" />
                    <condition number="1320" type="jump" coverage="50%" />
                  </conditions>
                </line>
                <line number="161" hits="5" branch="False" />
                <line number="162" hits="5" branch="False" />
                <line number="164" hits="8" branch="False" />
                <line number="165" hits="8" branch="False" />
                <line number="168" hits="29" branch="False" />
                <line number="169" hits="29" branch="False" />
                <line number="173" hits="29" branch="False" />
                <line number="174" hits="29" branch="False" />
                <line number="175" hits="29" branch="False" />
                <line number="176" hits="29" branch="False" />
                <line number="177" hits="29" branch="True" condition-coverage="100% (2/2)">
                  <conditions>
                    <condition number="1532" type="jump" coverage="100%" />
                  </conditions>
                </line>
                <line number="178" hits="20" branch="False" />
                <line number="179" hits="29" branch="False" />
                <line number="180" hits="29" branch="False" />
                <line number="182" hits="29" branch="False" />
                <line number="184" hits="0" branch="False" />
                <line number="186" hits="42" branch="False" />
              </lines>
            </method>
          </methods>
          <lines>
            <line number="78" hits="43" branch="False" />
            <line number="79" hits="43" branch="False" />
            <line number="80" hits="43" branch="False" />
            <line number="81" hits="43" branch="False" />
            <line number="82" hits="43" branch="False" />
            <line number="83" hits="43" branch="False" />
            <line number="84" hits="43" branch="False" />
            <line number="86" hits="43" branch="True" condition-coverage="83.33% (5/6)">
              <conditions>
                <condition number="141" type="jump" coverage="100%" />
                <condition number="154" type="jump" coverage="100%" />
                <condition number="167" type="jump" coverage="50%" />
              </conditions>
            </line>
            <line number="89" hits="13" branch="False" />
            <line number="90" hits="13" branch="False" />
            <line number="92" hits="15" branch="False" />
            <line number="93" hits="15" branch="False" />
            <line number="95" hits="15" branch="False" />
            <line number="97" hits="15" branch="False" />
            <line number="98" hits="15" branch="False" />
            <line number="100" hits="0" branch="False" />
            <line number="102" hits="43" branch="True" condition-coverage="83.33% (5/6)">
              <conditions>
                <condition number="334" type="jump" coverage="100%" />
                <condition number="347" type="jump" coverage="100%" />
                <condition number="360" type="jump" coverage="50%" />
              </conditions>
            </line>
            <line number="105" hits="15" branch="False" />
            <line number="107" hits="14" branch="False" />
            <line number="108" hits="14" branch="False" />
            <line number="110" hits="14" branch="False" />
            <line number="111" hits="14" branch="False" />
            <line number="112" hits="14" branch="False" />
            <line number="114" hits="0" branch="False" />
            <line number="116" hits="43" branch="True" condition-coverage="90% (9/10)">
              <conditions>
                <condition number="484" type="jump" coverage="100%" />
                <condition number="497" type="jump" coverage="100%" />
                <condition number="510" type="jump" coverage="100%" />
                <condition number="523" type="jump" coverage="100%" />
                <condition number="536" type="jump" coverage="50%" />
              </conditions>
            </line>
            <line number="119" hits="9" branch="False" />
            <line number="121" hits="9" branch="False" />
            <line number="122" hits="9" branch="False" />
            <line number="124" hits="9" branch="False" />
            <line number="125" hits="9" branch="False" />
            <line number="128" hits="7" branch="False" />
            <line number="129" hits="7" branch="False" />
            <line number="131" hits="9" branch="False" />
            <line number="132" hits="9" branch="False" />
            <line number="134" hits="0" branch="False" />
            <line number="137" hits="43" branch="False" />
            <line number="139" hits="43" branch="False" />
            <line number="140" hits="43" branch="True" condition-coverage="83.33% (5/6)">
              <conditions>
                <condition number="977" type="jump" coverage="100%" />
                <condition number="990" type="jump" coverage="100%" />
                <condition number="1003" type="jump" coverage="50%" />
              </conditions>
            </line>
            <line number="143" hits="34" branch="True" condition-coverage="100% (2/2)">
              <conditions>
                <condition number="1025" type="jump" coverage="100%" />
              </conditions>
            </line>
            <line number="144" hits="33" branch="False" />
            <line number="146" hits="4" branch="False" />
            <line number="147" hits="4" branch="False" />
            <line number="148" hits="4" branch="False" />
            <line number="150" hits="5" branch="False" />
            <line number="151" hits="5" branch="False" />
            <line number="152" hits="5" branch="False" />
            <line number="153" hits="5" branch="False" />
            <line number="155" hits="0" branch="True" condition-coverage="87.5% (7/8)">
              <conditions>
                <condition number="1281" type="jump" coverage="100%" />
                <condition number="1294" type="jump" coverage="100%" />
                <condition number="1307" type="jump" coverage="100%" />
                <condition number="1320" type="jump" coverage="50%" />
              </conditions>
            </line>
            <line number="161" hits="5" branch="False" />
            <line number="162" hits="5" branch="False" />
            <line number="164" hits="8" branch="False" />
            <line number="165" hits="8" branch="False" />
            <line number="168" hits="29" branch="False" />
            <line number="169" hits="29" branch="False" />
            <line number="173" hits="29" branch="False" />
            <line number="174" hits="29" branch="False" />
            <line number="175" hits="29" branch="False" />
            <line number="176" hits="29" branch="False" />
            <line number="177" hits="29" branch="True" condition-coverage="100% (2/2)">
              <conditions>
                <condition number="1532" type="jump" coverage="100%" />
              </conditions>
            </line>
            <line number="178" hits="20" branch="False" />
            <line number="179" hits="29" branch="False" />
            <line number="180" hits="29" branch="False" />
            <line number="182" hits="29" branch="False" />
            <line number="184" hits="0" branch="False" />
            <line number="186" hits="42" branch="False" />
          </lines>
        </class>
      </classes>
    </package>
  </packages>
</coverage>