<?xml version="1.0" encoding="utf-8"?>
<coverage line-rate="0.9904999999999999" branch-rate="0.9575" version="1.9" timestamp="1628548975" lines-covered="946" lines-valid="955" branches-covered="203" branches-valid="212">
  <sources>
    <source>C:\Users\mw\</source>
  </sources>
  <packages>
    <package name="Mawosoft.ImdbScrape.SidebarTests" line-rate="0.9904999999999999" branch-rate="0.9575" complexity="277">
      <classes>
        <class name="AutoGeneratedProgram" filename=".nuget\packages\microsoft.net.test.sdk\16.10.0\build\netcoreapp2.1\Microsoft.NET.Test.Sdk.Program.cs" line-rate="0" branch-rate="1" complexity="1">
          <methods>
            <method name="Main" signature="(System.String[])" line-rate="0" branch-rate="1" complexity="1">
              <lines>
                <line number="4" hits="0" branch="False" />
              </lines>
            </method>
          </methods>
          <lines>
            <line number="4" hits="0" branch="False" />
          </lines>
        </class>
        <class name="Mawosoft.ImdbScrape.Http.Tests.DeepEqualNotSameEqualityComparer" filename="Projects\ImdbScrape\tests\UnitTests\Mawosoft.ImdbScrape.Tests\Http\DeepEqualNotSameEqualityComparer.cs" line-rate="1" branch-rate="0.9811" complexity="114">
          <methods>
            <method name="get_MaxSuccessResult" signature="()" line-rate="1" branch-rate="1" complexity="1">
              <lines>
                <line number="21" hits="479" branch="False" />
              </lines>
            </method>
            <method name="get_MinLogResult" signature="()" line-rate="1" branch-rate="1" complexity="1">
              <lines>
                <line number="22" hits="657" branch="False" />
              </lines>
            </method>
            <method name="get_EnumerateIEnumerable" signature="()" line-rate="1" branch-rate="1" complexity="1">
              <lines>
                <line number="23" hits="280" branch="False" />
              </lines>
            </method>
            <method name="get_AllowedRefEqualExplicitTypes" signature="()" line-rate="1" branch-rate="1" complexity="1">
              <lines>
                <line number="24" hits="169" branch="False" />
              </lines>
            </method>
            <method name="get_AllowedRefEqualBaseTypes" signature="()" line-rate="1" branch-rate="1" complexity="1">
              <lines>
                <line number="25" hits="151" branch="False" />
              </lines>
            </method>
            <method name="get_NonRecursableExplicitTypes" signature="()" line-rate="1" branch-rate="1" complexity="1">
              <lines>
                <line number="26" hits="670" branch="False" />
              </lines>
            </method>
            <method name="get_NonRecursableBaseTypes" signature="()" line-rate="1" branch-rate="1" complexity="1">
              <lines>
                <line number="27" hits="644" branch="False" />
              </lines>
            </method>
            <method name="DeepEqualNotSame" signature="(System.Object,System.Object,System.String&amp;)" line-rate="1" branch-rate="1" complexity="2">
              <lines>
                <line number="30" hits="49" branch="False" />
                <line number="31" hits="49" branch="False" />
                <line number="32" hits="49" branch="False" />
                <line number="33" hits="49" branch="False" />
                <line number="34" hits="49" branch="False" />
                <line number="35" hits="49" branch="True" condition-coverage="100% (2/2)">
                  <conditions>
                    <condition number="60" type="jump" coverage="100%" />
                  </conditions>
                </line>
                <line number="36" hits="22" branch="False" />
                <line number="37" hits="49" branch="False" />
                <line number="38" hits="49" branch="False" />
              </lines>
            </method>
            <method name="DeepEqualNotSame" signature="(System.Object,System.Object,System.Boolean)" line-rate="1" branch-rate="1" complexity="8">
              <lines>
                <line number="42" hits="114" branch="False" />
                <line number="43" hits="114" branch="False" />
                <line number="44" hits="114" branch="False" />
                <line number="45" hits="114" branch="False" />
                <line number="46" hits="114" branch="False" />
                <line number="47" hits="114" branch="True" condition-coverage="100% (6/6)">
                  <conditions>
                    <condition number="70" type="jump" coverage="100%" />
                    <condition number="83" type="jump" coverage="100%" />
                    <condition number="104" type="jump" coverage="100%" />
                  </conditions>
                </line>
                <line number="48" hits="114" branch="False" />
                <line number="49" hits="114" branch="True" condition-coverage="100% (2/2)">
                  <conditions>
                    <condition number="125" type="jump" coverage="100%" />
                  </conditions>
                </line>
                <line number="50" hits="91" branch="False" />
                <line number="52" hits="114" branch="False" />
                <line number="53" hits="114" branch="False" />
                <line number="54" hits="114" branch="False" />
                <line number="55" hits="114" branch="False" />
                <line number="56" hits="114" branch="False" />
                <line number="201" hits="114" branch="False" />
              </lines>
            </method>
            <method name="Equals" signature="(System.Object,System.Object)" line-rate="1" branch-rate="1" complexity="1">
              <lines>
                <line number="203" hits="17" branch="False" />
              </lines>
            </method>
            <method name="GetHashCode" signature="(System.Object)" line-rate="1" branch-rate="1" complexity="2">
              <lines>
                <line number="204" hits="6" branch="True" condition-coverage="100% (2/2)">
                  <conditions>
                    <condition number="1" type="jump" coverage="100%" />
                  </conditions>
                </line>
              </lines>
            </method>
            <method name="&lt;DeepEqualNotSame&gt;g__AddResult|27_0" signature="(Mawosoft.ImdbScrape.Http.Tests.DeepEqualNotSameResult,Mawosoft.ImdbScrape.Http.Tests.DeepEqualNotSameEqualityComparer/&lt;&gt;c__DisplayClass27_0&amp;)" line-rate="1" branch-rate="1" complexity="2">
              <lines>
                <line number="59" hits="560" branch="False" />
                <line number="60" hits="560" branch="True" condition-coverage="100% (2/2)">
                  <conditions>
                    <condition number="12" type="jump" coverage="100%" />
                  </conditions>
                </line>
                <line number="61" hits="170" branch="False" />
                <line number="62" hits="390" branch="False" />
                <line number="63" hits="390" branch="False" />
                <line number="64" hits="390" branch="False" />
                <line number="65" hits="560" branch="False" />
              </lines>
            </method>
            <method name="&lt;DeepEqualNotSame&gt;g__ShouldStop|27_1" signature="(Mawosoft.ImdbScrape.Http.Tests.DeepEqualNotSameResult,Mawosoft.ImdbScrape.Http.Tests.DeepEqualNotSameEqualityComparer/&lt;&gt;c__DisplayClass27_0&amp;)" line-rate="1" branch-rate="1" complexity="2">
              <lines>
                <line number="67" hits="586" branch="True" condition-coverage="100% (2/2)">
                  <conditions>
                    <condition number="6" type="jump" coverage="100%" />
                  </conditions>
                </line>
              </lines>
            </method>
            <method name="&lt;DeepEqualNotSame&gt;g__Core|27_2" signature="(System.Object,System.Object,Mawosoft.ImdbScrape.Http.Tests.DeepEqualNotSameEqualityComparer/&lt;&gt;c__DisplayClass27_0&amp;)" line-rate="1" branch-rate="0.9777" complexity="90">
              <lines>
                <line number="70" hits="690" branch="False" />
                <line number="72" hits="745" branch="True" condition-coverage="100% (4/4)">
                  <conditions>
                    <condition number="34" type="jump" coverage="100%" />
                    <condition number="42" type="jump" coverage="100%" />
                  </conditions>
                </line>
                <line number="73" hits="637" branch="True" condition-coverage="100% (2/2)">
                  <conditions>
                    <condition number="68" type="jump" coverage="100%" />
                  </conditions>
                </line>
                <line number="74" hits="633" branch="False" />
                <line number="75" hits="635" branch="True" condition-coverage="100% (2/2)">
                  <conditions>
                    <condition number="121" type="jump" coverage="100%" />
                  </conditions>
                </line>
                <line number="77" hits="646" branch="False" />
                <line number="85" hits="631" branch="True" condition-coverage="100% (8/8)">
                  <conditions>
                    <condition number="155" type="jump" coverage="100%" />
                    <condition number="168" type="jump" coverage="100%" />
                    <condition number="187" type="jump" coverage="100%" />
                    <condition number="211" type="jump" coverage="100%" />
                  </conditions>
                </line>
                <line number="86" hits="631" branch="False" />
                <line number="87" hits="631" branch="False" />
                <line number="88" hits="631" branch="False" />
                <line number="89" hits="348" branch="False" />
                <line number="91" hits="348" branch="False" />
                <line number="92" hits="818" branch="True" condition-coverage="100% (2/2)">
                  <conditions>
                    <condition number="12" type="jump" coverage="100%" />
                  </conditions>
                </line>
                <line number="93" hits="348" branch="True" condition-coverage="100% (4/4)">
                  <conditions>
                    <condition number="253" type="jump" coverage="100%" />
                    <condition number="272" type="jump" coverage="100%" />
                  </conditions>
                </line>
                <line number="94" hits="82" branch="False" />
                <line number="95" hits="82" branch="True" condition-coverage="100% (4/4)">
                  <conditions>
                    <condition number="288" type="jump" coverage="100%" />
                    <condition number="303" type="jump" coverage="100%" />
                  </conditions>
                </line>
                <line number="96" hits="82" branch="False" />
                <line number="97" hits="82" branch="False" />
                <line number="100" hits="266" branch="False" />
                <line number="101" hits="266" branch="False" />
                <line number="102" hits="266" branch="False" />
                <line number="103" hits="266" branch="False" />
                <line number="105" hits="549" branch="True" condition-coverage="100% (2/2)">
                  <conditions>
                    <condition number="366" type="jump" coverage="100%" />
                  </conditions>
                </line>
                <line number="106" hits="89" branch="False" />
                <line number="107" hits="89" branch="True" condition-coverage="100% (4/4)">
                  <conditions>
                    <condition number="386" type="jump" coverage="100%" />
                    <condition number="400" type="jump" coverage="100%" />
                  </conditions>
                </line>
                <line number="108" hits="89" branch="False" />
                <line number="109" hits="89" branch="False" />
                <line number="111" hits="460" branch="True" condition-coverage="100% (8/8)">
                  <conditions>
                    <condition number="424" type="jump" coverage="100%" />
                    <condition number="437" type="jump" coverage="100%" />
                    <condition number="456" type="jump" coverage="100%" />
                    <condition number="477" type="jump" coverage="100%" />
                  </conditions>
                </line>
                <line number="112" hits="460" branch="False" />
                <line number="113" hits="460" branch="False" />
                <line number="114" hits="460" branch="False" />
                <line number="115" hits="254" branch="False" />
                <line number="116" hits="254" branch="True" condition-coverage="100% (2/2)">
                  <conditions>
                    <condition number="497" type="jump" coverage="100%" />
                  </conditions>
                </line>
                <line number="119" hits="412" branch="False" />
                <line number="120" hits="206" branch="True" condition-coverage="100% (6/6)">
                  <conditions>
                    <condition number="525" type="jump" coverage="100%" />
                    <condition number="533" type="jump" coverage="100%" />
                    <condition number="566" type="jump" coverage="100%" />
                  </conditions>
                </line>
                <line number="121" hits="93" branch="False" />
                <line number="122" hits="93" branch="False" />
                <line number="123" hits="93" branch="False" />
                <line number="124" hits="93" branch="True" condition-coverage="50% (1/2)">
                  <conditions>
                    <condition number="594" type="jump" coverage="50%" />
                  </conditions>
                </line>
                <line number="125" hits="93" branch="False" />
                <line number="126" hits="206" branch="True" condition-coverage="100% (4/4)">
                  <conditions>
                    <condition number="611" type="jump" coverage="100%" />
                    <condition number="624" type="jump" coverage="100%" />
                  </conditions>
                </line>
                <line number="127" hits="93" branch="False" />
                <line number="128" hits="93" branch="False" />
                <line number="129" hits="93" branch="False" />
                <line number="130" hits="93" branch="True" condition-coverage="50% (1/2)">
                  <conditions>
                    <condition number="648" type="jump" coverage="50%" />
                  </conditions>
                </line>
                <line number="131" hits="93" branch="False" />
                <line number="133" hits="93" branch="False" />
                <line number="134" hits="93" branch="False" />
                <line number="135" hits="93" branch="True" condition-coverage="100% (2/2)">
                  <conditions>
                    <condition number="694" type="jump" coverage="100%" />
                  </conditions>
                </line>
                <line number="136" hits="4" branch="False" />
                <line number="137" hits="247" branch="False" />
                <line number="138" hits="247" branch="False" />
                <line number="139" hits="247" branch="False" />
                <line number="140" hits="247" branch="False" />
                <line number="141" hits="247" branch="False" />
                <line number="142" hits="247" branch="True" condition-coverage="100% (2/2)">
                  <conditions>
                    <condition number="774" type="jump" coverage="100%" />
                  </conditions>
                </line>
                <line number="143" hits="10" branch="False" />
                <line number="144" hits="237" branch="True" condition-coverage="100% (2/2)">
                  <conditions>
                    <condition number="787" type="jump" coverage="100%" />
                  </conditions>
                </line>
                <line number="145" hits="153" branch="False" />
                <line number="147" hits="84" branch="False" />
                <line number="148" hits="247" branch="True" condition-coverage="100% (2/2)">
                  <conditions>
                    <condition number="833" type="jump" coverage="100%" />
                  </conditions>
                </line>
                <line number="149" hits="163" branch="False" />
                <line number="150" hits="163" branch="True" condition-coverage="100% (2/2)">
                  <conditions>
                    <condition number="846" type="jump" coverage="100%" />
                  </conditions>
                </line>
                <line number="151" hits="16" branch="False" />
                <line number="152" hits="163" branch="True" condition-coverage="100% (2/2)">
                  <conditions>
                    <condition number="868" type="jump" coverage="100%" />
                  </conditions>
                </line>
                <line number="153" hits="3" branch="False" />
                <line number="154" hits="160" branch="False" />
                <line number="155" hits="160" branch="False" />
                <line number="156" hits="244" branch="False" />
                <line number="157" hits="244" branch="True" condition-coverage="100% (2/2)">
                  <conditions>
                    <condition number="904" type="jump" coverage="100%" />
                  </conditions>
                </line>
                <line number="158" hits="90" branch="False" />
                <line number="159" hits="154" branch="False" />
                <line number="160" hits="93" branch="True" condition-coverage="100% (2/2)">
                  <conditions>
                    <condition number="928" type="jump" coverage="100%" />
                  </conditions>
                </line>
                <line number="161" hits="93" branch="True" condition-coverage="100% (2/2)">
                  <conditions>
                    <condition number="947" type="jump" coverage="100%" />
                  </conditions>
                </line>
                <line number="162" hits="93" branch="True" condition-coverage="100% (2/2)">
                  <conditions>
                    <condition number="964" type="jump" coverage="100%" />
                  </conditions>
                </line>
                <line number="163" hits="3" branch="False" />
                <line number="164" hits="90" branch="True" condition-coverage="100% (2/2)">
                  <conditions>
                    <condition number="981" type="jump" coverage="100%" />
                  </conditions>
                </line>
                <line number="165" hits="86" branch="False" />
                <line number="166" hits="90" branch="False" />
                <line number="169" hits="113" branch="False" />
                <line number="172" hits="113" branch="False" />
                <line number="173" hits="113" branch="False" />
                <line number="174" hits="113" branch="False" />
                <line number="175" hits="312" branch="True" condition-coverage="100% (2/2)">
                  <conditions>
                    <condition number="1266" type="jump" coverage="100%" />
                  </conditions>
                </line>
                <line number="176" hits="222" branch="False" />
                <line number="177" hits="222" branch="False" />
                <line number="178" hits="222" branch="False" />
                <line number="179" hits="222" branch="False" />
                <line number="180" hits="222" branch="False" />
                <line number="181" hits="1489" branch="True" condition-coverage="100% (2/2)">
                  <conditions>
                    <condition number="1198" type="jump" coverage="100%" />
                  </conditions>
                </line>
                <line number="182" hits="423" branch="False" />
                <line number="183" hits="423" branch="False" />
                <line number="184" hits="423" branch="False" />
                <line number="185" hits="423" branch="True" condition-coverage="100% (2/2)">
                  <conditions>
                    <condition number="1133" type="jump" coverage="100%" />
                  </conditions>
                </line>
                <line number="186" hits="135" branch="False" />
                <line number="187" hits="423" branch="True" condition-coverage="100% (2/2)">
                  <conditions>
                    <condition number="1152" type="jump" coverage="100%" />
                  </conditions>
                </line>
                <line number="188" hits="23" branch="False" />
                <line number="189" hits="400" branch="False" />
                <line number="190" hits="400" branch="False" />
                <line number="191" hits="400" branch="False" />
                <line number="192" hits="199" branch="False" />
                <line number="193" hits="199" branch="True" condition-coverage="100% (2/2)">
                  <conditions>
                    <condition number="1225" type="jump" coverage="100%" />
                  </conditions>
                </line>
                <line number="194" hits="199" branch="False" />
                <line number="195" hits="289" branch="True" condition-coverage="100% (2/2)">
                  <conditions>
                    <condition number="1304" type="jump" coverage="100%" />
                  </conditions>
                </line>
                <line number="196" hits="199" branch="False" />
                <line number="197" hits="90" branch="False" />
                <line number="200" hits="690" branch="False" />
              </lines>
            </method>
          </methods>
          <lines>
            <line number="21" hits="479" branch="False" />
            <line number="22" hits="657" branch="False" />
            <line number="23" hits="280" branch="False" />
            <line number="24" hits="169" branch="False" />
            <line number="25" hits="151" branch="False" />
            <line number="26" hits="670" branch="False" />
            <line number="27" hits="644" branch="False" />
            <line number="30" hits="49" branch="False" />
            <line number="31" hits="49" branch="False" />
            <line number="32" hits="49" branch="False" />
            <line number="33" hits="49" branch="False" />
            <line number="34" hits="49" branch="False" />
            <line number="35" hits="49" branch="True" condition-coverage="100% (2/2)">
              <conditions>
                <condition number="60" type="jump" coverage="100%" />
              </conditions>
            </line>
            <line number="36" hits="22" branch="False" />
            <line number="37" hits="49" branch="False" />
            <line number="38" hits="49" branch="False" />
            <line number="42" hits="114" branch="False" />
            <line number="43" hits="114" branch="False" />
            <line number="44" hits="114" branch="False" />
            <line number="45" hits="114" branch="False" />
            <line number="46" hits="114" branch="False" />
            <line number="47" hits="114" branch="True" condition-coverage="100% (6/6)">
              <conditions>
                <condition number="70" type="jump" coverage="100%" />
                <condition number="83" type="jump" coverage="100%" />
                <condition number="104" type="jump" coverage="100%" />
              </conditions>
            </line>
            <line number="48" hits="114" branch="False" />
            <line number="49" hits="114" branch="True" condition-coverage="100% (2/2)">
              <conditions>
                <condition number="125" type="jump" coverage="100%" />
              </conditions>
            </line>
            <line number="50" hits="91" branch="False" />
            <line number="52" hits="114" branch="False" />
            <line number="53" hits="114" branch="False" />
            <line number="54" hits="114" branch="False" />
            <line number="55" hits="114" branch="False" />
            <line number="56" hits="114" branch="False" />
            <line number="201" hits="114" branch="False" />
            <line number="203" hits="17" branch="False" />
            <line number="204" hits="6" branch="True" condition-coverage="100% (2/2)">
              <conditions>
                <condition number="1" type="jump" coverage="100%" />
              </conditions>
            </line>
            <line number="59" hits="560" branch="False" />
            <line number="60" hits="560" branch="True" condition-coverage="100% (2/2)">
              <conditions>
                <condition number="12" type="jump" coverage="100%" />
              </conditions>
            </line>
            <line number="61" hits="170" branch="False" />
            <line number="62" hits="390" branch="False" />
            <line number="63" hits="390" branch="False" />
            <line number="64" hits="390" branch="False" />
            <line number="65" hits="560" branch="False" />
            <line number="67" hits="586" branch="True" condition-coverage="100% (2/2)">
              <conditions>
                <condition number="6" type="jump" coverage="100%" />
              </conditions>
            </line>
            <line number="70" hits="690" branch="False" />
            <line number="72" hits="745" branch="True" condition-coverage="100% (4/4)">
              <conditions>
                <condition number="34" type="jump" coverage="100%" />
                <condition number="42" type="jump" coverage="100%" />
              </conditions>
            </line>
            <line number="73" hits="637" branch="True" condition-coverage="100% (2/2)">
              <conditions>
                <condition number="68" type="jump" coverage="100%" />
              </conditions>
            </line>
            <line number="74" hits="633" branch="False" />
            <line number="75" hits="635" branch="True" condition-coverage="100% (2/2)">
              <conditions>
                <condition number="121" type="jump" coverage="100%" />
              </conditions>
            </line>
            <line number="77" hits="646" branch="False" />
            <line number="85" hits="631" branch="True" condition-coverage="100% (8/8)">
              <conditions>
                <condition number="155" type="jump" coverage="100%" />
                <condition number="168" type="jump" coverage="100%" />
                <condition number="187" type="jump" coverage="100%" />
                <condition number="211" type="jump" coverage="100%" />
              </conditions>
            </line>
            <line number="86" hits="631" branch="False" />
            <line number="87" hits="631" branch="False" />
            <line number="88" hits="631" branch="False" />
            <line number="89" hits="348" branch="False" />
            <line number="91" hits="348" branch="False" />
            <line number="92" hits="818" branch="True" condition-coverage="100% (2/2)">
              <conditions>
                <condition number="12" type="jump" coverage="100%" />
              </conditions>
            </line>
            <line number="93" hits="348" branch="True" condition-coverage="100% (4/4)">
              <conditions>
                <condition number="253" type="jump" coverage="100%" />
                <condition number="272" type="jump" coverage="100%" />
              </conditions>
            </line>
            <line number="94" hits="82" branch="False" />
            <line number="95" hits="82" branch="True" condition-coverage="100% (4/4)">
              <conditions>
                <condition number="288" type="jump" coverage="100%" />
                <condition number="303" type="jump" coverage="100%" />
              </conditions>
            </line>
            <line number="96" hits="82" branch="False" />
            <line number="97" hits="82" branch="False" />
            <line number="100" hits="266" branch="False" />
            <line number="101" hits="266" branch="False" />
            <line number="102" hits="266" branch="False" />
            <line number="103" hits="266" branch="False" />
            <line number="105" hits="549" branch="True" condition-coverage="100% (2/2)">
              <conditions>
                <condition number="366" type="jump" coverage="100%" />
              </conditions>
            </line>
            <line number="106" hits="89" branch="False" />
            <line number="107" hits="89" branch="True" condition-coverage="100% (4/4)">
              <conditions>
                <condition number="386" type="jump" coverage="100%" />
                <condition number="400" type="jump" coverage="100%" />
              </conditions>
            </line>
            <line number="108" hits="89" branch="False" />
            <line number="109" hits="89" branch="False" />
            <line number="111" hits="460" branch="True" condition-coverage="100% (8/8)">
              <conditions>
                <condition number="424" type="jump" coverage="100%" />
                <condition number="437" type="jump" coverage="100%" />
                <condition number="456" type="jump" coverage="100%" />
                <condition number="477" type="jump" coverage="100%" />
              </conditions>
            </line>
            <line number="112" hits="460" branch="False" />
            <line number="113" hits="460" branch="False" />
            <line number="114" hits="460" branch="False" />
            <line number="115" hits="254" branch="False" />
            <line number="116" hits="254" branch="True" condition-coverage="100% (2/2)">
              <conditions>
                <condition number="497" type="jump" coverage="100%" />
              </conditions>
            </line>
            <line number="119" hits="412" branch="False" />
            <line number="120" hits="206" branch="True" condition-coverage="100% (6/6)">
              <conditions>
                <condition number="525" type="jump" coverage="100%" />
                <condition number="533" type="jump" coverage="100%" />
                <condition number="566" type="jump" coverage="100%" />
              </conditions>
            </line>
            <line number="121" hits="93" branch="False" />
            <line number="122" hits="93" branch="False" />
            <line number="123" hits="93" branch="False" />
            <line number="124" hits="93" branch="True" condition-coverage="50% (1/2)">
              <conditions>
                <condition number="594" type="jump" coverage="50%" />
              </conditions>
            </line>
            <line number="125" hits="93" branch="False" />
            <line number="126" hits="206" branch="True" condition-coverage="100% (4/4)">
              <conditions>
                <condition number="611" type="jump" coverage="100%" />
                <condition number="624" type="jump" coverage="100%" />
              </conditions>
            </line>
            <line number="127" hits="93" branch="False" />
            <line number="128" hits="93" branch="False" />
            <line number="129" hits="93" branch="False" />
            <line number="130" hits="93" branch="True" condition-coverage="50% (1/2)">
              <conditions>
                <condition number="648" type="jump" coverage="50%" />
              </conditions>
            </line>
            <line number="131" hits="93" branch="False" />
            <line number="133" hits="93" branch="False" />
            <line number="134" hits="93" branch="False" />
            <line number="135" hits="93" branch="True" condition-coverage="100% (2/2)">
              <conditions>
                <condition number="694" type="jump" coverage="100%" />
              </conditions>
            </line>
            <line number="136" hits="4" branch="False" />
            <line number="137" hits="247" branch="False" />
            <line number="138" hits="247" branch="False" />
            <line number="139" hits="247" branch="False" />
            <line number="140" hits="247" branch="False" />
            <line number="141" hits="247" branch="False" />
            <line number="142" hits="247" branch="True" condition-coverage="100% (2/2)">
              <conditions>
                <condition number="774" type="jump" coverage="100%" />
              </conditions>
            </line>
            <line number="143" hits="10" branch="False" />
            <line number="144" hits="237" branch="True" condition-coverage="100% (2/2)">
              <conditions>
                <condition number="787" type="jump" coverage="100%" />
              </conditions>
            </line>
            <line number="145" hits="153" branch="False" />
            <line number="147" hits="84" branch="False" />
            <line number="148" hits="247" branch="True" condition-coverage="100% (2/2)">
              <conditions>
                <condition number="833" type="jump" coverage="100%" />
              </conditions>
            </line>
            <line number="149" hits="163" branch="False" />
            <line number="150" hits="163" branch="True" condition-coverage="100% (2/2)">
              <conditions>
                <condition number="846" type="jump" coverage="100%" />
              </conditions>
            </line>
            <line number="151" hits="16" branch="False" />
            <line number="152" hits="163" branch="True" condition-coverage="100% (2/2)">
              <conditions>
                <condition number="868" type="jump" coverage="100%" />
              </conditions>
            </line>
            <line number="153" hits="3" branch="False" />
            <line number="154" hits="160" branch="False" />
            <line number="155" hits="160" branch="False" />
            <line number="156" hits="244" branch="False" />
            <line number="157" hits="244" branch="True" condition-coverage="100% (2/2)">
              <conditions>
                <condition number="904" type="jump" coverage="100%" />
              </conditions>
            </line>
            <line number="158" hits="90" branch="False" />
            <line number="159" hits="154" branch="False" />
            <line number="160" hits="93" branch="True" condition-coverage="100% (2/2)">
              <conditions>
                <condition number="928" type="jump" coverage="100%" />
              </conditions>
            </line>
            <line number="161" hits="93" branch="True" condition-coverage="100% (2/2)">
              <conditions>
                <condition number="947" type="jump" coverage="100%" />
              </conditions>
            </line>
            <line number="162" hits="93" branch="True" condition-coverage="100% (2/2)">
              <conditions>
                <condition number="964" type="jump" coverage="100%" />
              </conditions>
            </line>
            <line number="163" hits="3" branch="False" />
            <line number="164" hits="90" branch="True" condition-coverage="100% (2/2)">
              <conditions>
                <condition number="981" type="jump" coverage="100%" />
              </conditions>
            </line>
            <line number="165" hits="86" branch="False" />
            <line number="166" hits="90" branch="False" />
            <line number="169" hits="113" branch="False" />
            <line number="172" hits="113" branch="False" />
            <line number="173" hits="113" branch="False" />
            <line number="174" hits="113" branch="False" />
            <line number="175" hits="312" branch="True" condition-coverage="100% (2/2)">
              <conditions>
                <condition number="1266" type="jump" coverage="100%" />
              </conditions>
            </line>
            <line number="176" hits="222" branch="False" />
            <line number="177" hits="222" branch="False" />
            <line number="178" hits="222" branch="False" />
            <line number="179" hits="222" branch="False" />
            <line number="180" hits="222" branch="False" />
            <line number="181" hits="1489" branch="True" condition-coverage="100% (2/2)">
              <conditions>
                <condition number="1198" type="jump" coverage="100%" />
              </conditions>
            </line>
            <line number="182" hits="423" branch="False" />
            <line number="183" hits="423" branch="False" />
            <line number="184" hits="423" branch="False" />
            <line number="185" hits="423" branch="True" condition-coverage="100% (2/2)">
              <conditions>
                <condition number="1133" type="jump" coverage="100%" />
              </conditions>
            </line>
            <line number="186" hits="135" branch="False" />
            <line number="187" hits="423" branch="True" condition-coverage="100% (2/2)">
              <conditions>
                <condition number="1152" type="jump" coverage="100%" />
              </conditions>
            </line>
            <line number="188" hits="23" branch="False" />
            <line number="189" hits="400" branch="False" />
            <line number="190" hits="400" branch="False" />
            <line number="191" hits="400" branch="False" />
            <line number="192" hits="199" branch="False" />
            <line number="193" hits="199" branch="True" condition-coverage="100% (2/2)">
              <conditions>
                <condition number="1225" type="jump" coverage="100%" />
              </conditions>
            </line>
            <line number="194" hits="199" branch="False" />
            <line number="195" hits="289" branch="True" condition-coverage="100% (2/2)">
              <conditions>
                <condition number="1304" type="jump" coverage="100%" />
              </conditions>
            </line>
            <line number="196" hits="199" branch="False" />
            <line number="197" hits="90" branch="False" />
            <line number="200" hits="690" branch="False" />
          </lines>
        </class>
        <class name="Mawosoft.ImdbScrape.SidebarTests.DeepEqualNotSameEqualityComparerTests" filename="Projects\ImdbScrape\tests\UnitTests\Mawosoft.ImdbScrape.SidebarTests\DeepEqualNotSameEqualityComparerTests.cs" line-rate="1" branch-rate="1" complexity="29">
          <methods>
            <method name="LogResultList" signature="(System.Collections.Generic.List`1&lt;System.ValueTuple`2&lt;Mawosoft.ImdbScrape.Http.Tests.DeepEqualNotSameResult,System.String&gt;&gt;)" line-rate="1" branch-rate="1" complexity="2">
              <lines>
                <line number="24" hits="52" branch="False" />
                <line number="25" hits="756" branch="True" condition-coverage="100% (2/2)">
                  <conditions>
                    <condition number="77" type="jump" coverage="100%" />
                  </conditions>
                </line>
                <line number="26" hits="326" branch="False" />
                <line number="27" hits="52" branch="False" />
              </lines>
            </method>
            <method name="AssertResultList" signature="(System.Collections.Generic.IEnumerable`1&lt;System.ValueTuple`2&lt;Mawosoft.ImdbScrape.Http.Tests.DeepEqualNotSameResult,System.String&gt;&gt;,System.Collections.Generic.List`1&lt;System.ValueTuple`2&lt;Mawosoft.ImdbScrape.Http.Tests.DeepEqualNotSameResult,System.String&gt;&gt;)" line-rate="1" branch-rate="1" complexity="1">
              <lines>
                <line number="33" hits="24" branch="False" />
                <line number="34" hits="24" branch="False" />
                <line number="35" hits="24" branch="False" />
                <line number="36" hits="24" branch="False" />
                <line number="37" hits="216" branch="False" />
                <line number="38" hits="24" branch="False" />
                <line number="39" hits="24" branch="False" />
              </lines>
            </method>
            <method name="AssertResultList" signature="(System.Collections.Generic.IEnumerable`1&lt;System.String&gt;,System.Collections.Generic.List`1&lt;System.ValueTuple`2&lt;Mawosoft.ImdbScrape.Http.Tests.DeepEqualNotSameResult,System.String&gt;&gt;)" line-rate="1" branch-rate="1" complexity="1">
              <lines>
                <line number="43" hits="28" branch="False" />
                <line number="44" hits="28" branch="False" />
                <line number="45" hits="28" branch="False" />
                <line number="46" hits="28" branch="False" />
                <line number="47" hits="436" branch="False" />
                <line number="48" hits="28" branch="False" />
                <line number="49" hits="28" branch="False" />
              </lines>
            </method>
            <method name="ctor_Defaults" signature="()" line-rate="1" branch-rate="1" complexity="1">
              <lines>
                <line number="54" hits="1" branch="False" />
                <line number="55" hits="1" branch="False" />
                <line number="56" hits="1" branch="False" />
                <line number="57" hits="1" branch="False" />
                <line number="58" hits="1" branch="False" />
                <line number="60" hits="1" branch="False" />
                <line number="61" hits="1" branch="False" />
                <line number="63" hits="1" branch="False" />
                <line number="64" hits="1" branch="False" />
                <line number="65" hits="1" branch="False" />
                <line number="66" hits="1" branch="False" />
                <line number="67" hits="1" branch="False" />
                <line number="68" hits="1" branch="False" />
                <line number="69" hits="1" branch="False" />
                <line number="70" hits="1" branch="False" />
                <line number="71" hits="1" branch="False" />
              </lines>
            </method>
            <method name="GetHashCode_NullArgumentReturnsZero" signature="()" line-rate="1" branch-rate="1" complexity="1">
              <lines>
                <line number="75" hits="1" branch="False" />
                <line number="76" hits="1" branch="False" />
                <line number="77" hits="1" branch="False" />
                <line number="78" hits="1" branch="False" />
              </lines>
            </method>
            <method name="GetHashCode_ForwardsToArgument" signature="()" line-rate="1" branch-rate="1" complexity="1">
              <lines>
                <line number="82" hits="1" branch="False" />
                <line number="83" hits="1" branch="False" />
                <line number="84" hits="1" branch="False" />
                <line number="85" hits="1" branch="False" />
                <line number="86" hits="1" branch="False" />
                <line number="87" hits="1" branch="False" />
                <line number="88" hits="1" branch="False" />
                <line number="89" hits="1" branch="False" />
                <line number="90" hits="1" branch="False" />
                <line number="91" hits="1" branch="False" />
              </lines>
            </method>
            <method name="EnumerateIEnumerable_TestCore" signature="(System.Object,System.Object,System.Boolean,System.String,System.String[])" line-rate="1" branch-rate="1" complexity="1">
              <lines>
                <line number="96" hits="26" branch="False" />
                <line number="97" hits="26" branch="False" />
                <line number="98" hits="26" branch="False" />
                <line number="99" hits="26" branch="False" />
                <line number="100" hits="26" branch="False" />
                <line number="101" hits="26" branch="False" />
                <line number="102" hits="26" branch="False" />
                <line number="103" hits="26" branch="False" />
                <line number="104" hits="26" branch="False" />
              </lines>
            </method>
            <method name="EnumerateIEnumerable_WithArrays_AlwaysEnumerates" signature="(System.Object,System.Object,System.Boolean,System.String,System.String[])" line-rate="1" branch-rate="1" complexity="1">
              <lines>
                <line number="175" hits="8" branch="False" />
                <line number="176" hits="8" branch="False" />
                <line number="177" hits="8" branch="False" />
              </lines>
            </method>
            <method name="EnumerateIEnumerable_WithCollections" signature="(System.Object,System.Object,System.Boolean,System.String,System.String[])" line-rate="1" branch-rate="1" complexity="1">
              <lines>
                <line number="261" hits="6" branch="False" />
                <line number="262" hits="6" branch="False" />
                <line number="263" hits="6" branch="False" />
              </lines>
            </method>
            <method name="EnumerateIEnumerable_WithExpandoObject" signature="(System.Object,System.Object,System.Boolean,System.String,System.String[])" line-rate="1" branch-rate="1" complexity="1">
              <lines>
                <line number="383" hits="4" branch="False" />
                <line number="384" hits="4" branch="False" />
                <line number="385" hits="4" branch="False" />
              </lines>
            </method>
            <method name="EnumerateIEnumerable_WithDifferentSizes" signature="(System.Object,System.Object,System.Boolean,System.String,System.String[])" line-rate="1" branch-rate="1" complexity="1">
              <lines>
                <line number="445" hits="8" branch="False" />
                <line number="446" hits="8" branch="False" />
                <line number="447" hits="8" branch="False" />
              </lines>
            </method>
            <method name="AllowedRefEqualExplicitTypes_ChangesResultForMatchingTypes" signature="(System.Object,System.Object)" line-rate="1" branch-rate="1" complexity="1">
              <lines>
                <line number="467" hits="2" branch="False" />
                <line number="468" hits="2" branch="False" />
                <line number="469" hits="2" branch="False" />
                <line number="470" hits="2" branch="False" />
                <line number="471" hits="2" branch="False" />
                <line number="472" hits="2" branch="False" />
                <line number="474" hits="2" branch="False" />
                <line number="475" hits="2" branch="False" />
                <line number="476" hits="2" branch="False" />
                <line number="477" hits="2" branch="False" />
              </lines>
            </method>
            <method name="AllowedRefEqualBaseTypes_ChangesResultForMatchingTypes" signature="(System.Object,System.Object)" line-rate="1" branch-rate="1" complexity="1">
              <lines>
                <line number="482" hits="2" branch="False" />
                <line number="483" hits="2" branch="False" />
                <line number="484" hits="2" branch="False" />
                <line number="485" hits="2" branch="False" />
                <line number="486" hits="2" branch="False" />
                <line number="487" hits="2" branch="False" />
                <line number="488" hits="2" branch="False" />
                <line number="489" hits="2" branch="False" />
                <line number="490" hits="2" branch="False" />
                <line number="491" hits="2" branch="False" />
              </lines>
            </method>
            <method name="NonRecursable_SingleResultCore" signature="(Mawosoft.ImdbScrape.Http.Tests.DeepEqualNotSameEqualityComparer,System.Object,System.Object)" line-rate="1" branch-rate="1" complexity="2">
              <lines>
                <line number="518" hits="7" branch="False" />
                <line number="519" hits="7" branch="False" />
                <line number="520" hits="7" branch="False" />
                <line number="522" hits="7" branch="False" />
                <line number="523" hits="7" branch="False" />
                <line number="524" hits="7" branch="True" condition-coverage="100% (2/2)">
                  <conditions>
                    <condition number="40" type="jump" coverage="100%" />
                  </conditions>
                </line>
                <line number="525" hits="7" branch="False" />
                <line number="526" hits="7" branch="False" />
                <line number="527" hits="7" branch="False" />
                <line number="528" hits="7" branch="False" />
              </lines>
            </method>
            <method name="NonRecursableExplicitTypes_PreventsRecursionForMatchingTypesAndUsesSimpleEquals" signature="(System.Object,System.Object)" line-rate="1" branch-rate="1" complexity="1">
              <lines>
                <line number="534" hits="3" branch="False" />
                <line number="535" hits="3" branch="False" />
                <line number="536" hits="3" branch="False" />
                <line number="537" hits="3" branch="False" />
                <line number="538" hits="3" branch="False" />
                <line number="539" hits="3" branch="False" />
                <line number="541" hits="3" branch="False" />
                <line number="543" hits="3" branch="False" />
                <line number="544" hits="3" branch="False" />
                <line number="545" hits="3" branch="False" />
                <line number="546" hits="3" branch="False" />
              </lines>
            </method>
            <method name="NonRecursableBaseTypes_PreventsRecursionForMatchingTypesAndUsesSimpleEquals" signature="(System.Object,System.Object)" line-rate="1" branch-rate="1" complexity="1">
              <lines>
                <line number="552" hits="3" branch="False" />
                <line number="553" hits="3" branch="False" />
                <line number="554" hits="3" branch="False" />
                <line number="555" hits="3" branch="False" />
                <line number="556" hits="3" branch="False" />
                <line number="557" hits="3" branch="False" />
                <line number="559" hits="3" branch="False" />
                <line number="560" hits="3" branch="False" />
                <line number="561" hits="3" branch="False" />
                <line number="562" hits="3" branch="False" />
                <line number="563" hits="3" branch="False" />
              </lines>
            </method>
            <method name="NonRecursable_EnumNeverRecursed" signature="()" line-rate="1" branch-rate="1" complexity="1">
              <lines>
                <line number="568" hits="1" branch="False" />
                <line number="569" hits="1" branch="False" />
                <line number="570" hits="1" branch="False" />
                <line number="571" hits="1" branch="False" />
                <line number="572" hits="1" branch="False" />
                <line number="573" hits="1" branch="False" />
              </lines>
            </method>
            <method name="MinLogResult_FiltersResults_AlwaysReturnsAtLeastOne" signature="(System.Object,System.Object,Mawosoft.ImdbScrape.Http.Tests.DeepEqualNotSameResult,System.Collections.Generic.List`1&lt;System.ValueTuple`2&lt;Mawosoft.ImdbScrape.Http.Tests.DeepEqualNotSameResult,System.String&gt;&gt;)" line-rate="1" branch-rate="1" complexity="1">
              <lines>
                <line number="657" hits="6" branch="False" />
                <line number="658" hits="6" branch="False" />
                <line number="659" hits="6" branch="False" />
                <line number="660" hits="6" branch="False" />
                <line number="661" hits="6" branch="False" />
                <line number="662" hits="6" branch="False" />
                <line number="663" hits="6" branch="False" />
                <line number="664" hits="6" branch="False" />
                <line number="665" hits="6" branch="False" />
              </lines>
            </method>
            <method name="MaxSuccessResult_AffectsStopOnFirstFailed" signature="(System.Object,System.Object,Mawosoft.ImdbScrape.Http.Tests.DeepEqualNotSameResult,Mawosoft.ImdbScrape.Http.Tests.DeepEqualNotSameResult,System.Collections.Generic.List`1&lt;System.ValueTuple`2&lt;Mawosoft.ImdbScrape.Http.Tests.DeepEqualNotSameResult,System.String&gt;&gt;)" line-rate="1" branch-rate="1" complexity="4">
              <lines>
                <line number="715" hits="17" branch="False" />
                <line number="716" hits="17" branch="False" />
                <line number="717" hits="17" branch="False" />
                <line number="718" hits="17" branch="False" />
                <line number="719" hits="17" branch="False" />
                <line number="720" hits="17" branch="False" />
                <line number="721" hits="17" branch="False" />
                <line number="722" hits="17" branch="False" />
                <line number="724" hits="17" branch="False" />
                <line number="725" hits="17" branch="False" />
                <line number="726" hits="17" branch="True" condition-coverage="100% (2/2)">
                  <conditions>
                    <condition number="117" type="jump" coverage="100%" />
                  </conditions>
                </line>
                <line number="728" hits="17" branch="False" />
                <line number="729" hits="17" branch="False" />
                <line number="730" hits="17" branch="False" />
                <line number="731" hits="17" branch="True" condition-coverage="100% (2/2)">
                  <conditions>
                    <condition number="199" type="jump" coverage="100%" />
                  </conditions>
                </line>
                <line number="732" hits="7" branch="False" />
                <line number="734" hits="10" branch="False" />
                <line number="735" hits="17" branch="False" />
                <line number="736" hits="17" branch="False" />
              </lines>
            </method>
            <method name="DeepEqualNotSame_TraversesBaseTypes" signature="(System.Object,System.Object,System.String[])" line-rate="1" branch-rate="1" complexity="1">
              <lines>
                <line number="816" hits="2" branch="False" />
                <line number="817" hits="2" branch="False" />
                <line number="818" hits="2" branch="False" />
                <line number="819" hits="2" branch="False" />
                <line number="820" hits="2" branch="False" />
                <line number="821" hits="2" branch="False" />
                <line number="822" hits="2" branch="False" />
              </lines>
            </method>
            <method name="DeepEqualNotSame_DetectsCircularRefs" signature="()" line-rate="1" branch-rate="1" complexity="1">
              <lines>
                <line number="858" hits="1" branch="False" />
                <line number="859" hits="2" branch="False" />
                <line number="860" hits="1" branch="False" />
                <line number="861" hits="1" branch="False" />
                <line number="862" hits="1" branch="False" />
                <line number="863" hits="1" branch="False" />
                <line number="864" hits="1" branch="False" />
                <line number="865" hits="1" branch="False" />
                <line number="866" hits="1" branch="False" />
                <line number="867" hits="1" branch="False" />
              </lines>
            </method>
            <method name="DeepEqualNotSame_NullComparisons" signature="(System.Object,System.Object,Mawosoft.ImdbScrape.Http.Tests.DeepEqualNotSameResult)" line-rate="1" branch-rate="1" complexity="1">
              <lines>
                <line number="874" hits="3" branch="False" />
                <line number="875" hits="3" branch="False" />
                <line number="876" hits="3" branch="False" />
                <line number="877" hits="3" branch="False" />
                <line number="878" hits="3" branch="False" />
              </lines>
            </method>
            <method name="DeepEqualNotSame_OnlyIdenticalTypesAreEqual" signature="(System.Object,System.Object,Mawosoft.ImdbScrape.Http.Tests.DeepEqualNotSameResult)" line-rate="1" branch-rate="1" complexity="1">
              <lines>
                <line number="886" hits="4" branch="False" />
                <line number="887" hits="4" branch="False" />
                <line number="888" hits="4" branch="False" />
                <line number="889" hits="4" branch="False" />
                <line number="890" hits="4" branch="False" />
              </lines>
            </method>
            <method name=".ctor" signature="(Xunit.Abstractions.ITestOutputHelper)" line-rate="1" branch-rate="1" complexity="1">
              <lines>
                <line number="20" hits="146" branch="False" />
              </lines>
            </method>
          </methods>
          <lines>
            <line number="24" hits="52" branch="False" />
            <line number="25" hits="756" branch="True" condition-coverage="100% (2/2)">
              <conditions>
                <condition number="77" type="jump" coverage="100%" />
              </conditions>
            </line>
            <line number="26" hits="326" branch="False" />
            <line number="27" hits="52" branch="False" />
            <line number="33" hits="24" branch="False" />
            <line number="34" hits="24" branch="False" />
            <line number="35" hits="24" branch="False" />
            <line number="36" hits="24" branch="False" />
            <line number="37" hits="216" branch="False" />
            <line number="38" hits="24" branch="False" />
            <line number="39" hits="24" branch="False" />
            <line number="43" hits="28" branch="False" />
            <line number="44" hits="28" branch="False" />
            <line number="45" hits="28" branch="False" />
            <line number="46" hits="28" branch="False" />
            <line number="47" hits="436" branch="False" />
            <line number="48" hits="28" branch="False" />
            <line number="49" hits="28" branch="False" />
            <line number="54" hits="1" branch="False" />
            <line number="55" hits="1" branch="False" />
            <line number="56" hits="1" branch="False" />
            <line number="57" hits="1" branch="False" />
            <line number="58" hits="1" branch="False" />
            <line number="60" hits="1" branch="False" />
            <line number="61" hits="1" branch="False" />
            <line number="63" hits="1" branch="False" />
            <line number="64" hits="1" branch="False" />
            <line number="65" hits="1" branch="False" />
            <line number="66" hits="1" branch="False" />
            <line number="67" hits="1" branch="False" />
            <line number="68" hits="1" branch="False" />
            <line number="69" hits="1" branch="False" />
            <line number="70" hits="1" branch="False" />
            <line number="71" hits="1" branch="False" />
            <line number="75" hits="1" branch="False" />
            <line number="76" hits="1" branch="False" />
            <line number="77" hits="1" branch="False" />
            <line number="78" hits="1" branch="False" />
            <line number="82" hits="1" branch="False" />
            <line number="83" hits="1" branch="False" />
            <line number="84" hits="1" branch="False" />
            <line number="85" hits="1" branch="False" />
            <line number="86" hits="1" branch="False" />
            <line number="87" hits="1" branch="False" />
            <line number="88" hits="1" branch="False" />
            <line number="89" hits="1" branch="False" />
            <line number="90" hits="1" branch="False" />
            <line number="91" hits="1" branch="False" />
            <line number="96" hits="26" branch="False" />
            <line number="97" hits="26" branch="False" />
            <line number="98" hits="26" branch="False" />
            <line number="99" hits="26" branch="False" />
            <line number="100" hits="26" branch="False" />
            <line number="101" hits="26" branch="False" />
            <line number="102" hits="26" branch="False" />
            <line number="103" hits="26" branch="False" />
            <line number="104" hits="26" branch="False" />
            <line number="175" hits="8" branch="False" />
            <line number="176" hits="8" branch="False" />
            <line number="177" hits="8" branch="False" />
            <line number="261" hits="6" branch="False" />
            <line number="262" hits="6" branch="False" />
            <line number="263" hits="6" branch="False" />
            <line number="383" hits="4" branch="False" />
            <line number="384" hits="4" branch="False" />
            <line number="385" hits="4" branch="False" />
            <line number="445" hits="8" branch="False" />
            <line number="446" hits="8" branch="False" />
            <line number="447" hits="8" branch="False" />
            <line number="467" hits="2" branch="False" />
            <line number="468" hits="2" branch="False" />
            <line number="469" hits="2" branch="False" />
            <line number="470" hits="2" branch="False" />
            <line number="471" hits="2" branch="False" />
            <line number="472" hits="2" branch="False" />
            <line number="474" hits="2" branch="False" />
            <line number="475" hits="2" branch="False" />
            <line number="476" hits="2" branch="False" />
            <line number="477" hits="2" branch="False" />
            <line number="482" hits="2" branch="False" />
            <line number="483" hits="2" branch="False" />
            <line number="484" hits="2" branch="False" />
            <line number="485" hits="2" branch="False" />
            <line number="486" hits="2" branch="False" />
            <line number="487" hits="2" branch="False" />
            <line number="488" hits="2" branch="False" />
            <line number="489" hits="2" branch="False" />
            <line number="490" hits="2" branch="False" />
            <line number="491" hits="2" branch="False" />
            <line number="518" hits="7" branch="False" />
            <line number="519" hits="7" branch="False" />
            <line number="520" hits="7" branch="False" />
            <line number="522" hits="7" branch="False" />
            <line number="523" hits="7" branch="False" />
            <line number="524" hits="7" branch="True" condition-coverage="100% (2/2)">
              <conditions>
                <condition number="40" type="jump" coverage="100%" />
              </conditions>
            </line>
            <line number="525" hits="7" branch="False" />
            <line number="526" hits="7" branch="False" />
            <line number="527" hits="7" branch="False" />
            <line number="528" hits="7" branch="False" />
            <line number="534" hits="3" branch="False" />
            <line number="535" hits="3" branch="False" />
            <line number="536" hits="3" branch="False" />
            <line number="537" hits="3" branch="False" />
            <line number="538" hits="3" branch="False" />
            <line number="539" hits="3" branch="False" />
            <line number="541" hits="3" branch="False" />
            <line number="543" hits="3" branch="False" />
            <line number="544" hits="3" branch="False" />
            <line number="545" hits="3" branch="False" />
            <line number="546" hits="3" branch="False" />
            <line number="552" hits="3" branch="False" />
            <line number="553" hits="3" branch="False" />
            <line number="554" hits="3" branch="False" />
            <line number="555" hits="3" branch="False" />
            <line number="556" hits="3" branch="False" />
            <line number="557" hits="3" branch="False" />
            <line number="559" hits="3" branch="False" />
            <line number="560" hits="3" branch="False" />
            <line number="561" hits="3" branch="False" />
            <line number="562" hits="3" branch="False" />
            <line number="563" hits="3" branch="False" />
            <line number="568" hits="1" branch="False" />
            <line number="569" hits="1" branch="False" />
            <line number="570" hits="1" branch="False" />
            <line number="571" hits="1" branch="False" />
            <line number="572" hits="1" branch="False" />
            <line number="573" hits="1" branch="False" />
            <line number="657" hits="6" branch="False" />
            <line number="658" hits="6" branch="False" />
            <line number="659" hits="6" branch="False" />
            <line number="660" hits="6" branch="False" />
            <line number="661" hits="6" branch="False" />
            <line number="662" hits="6" branch="False" />
            <line number="663" hits="6" branch="False" />
            <line number="664" hits="6" branch="False" />
            <line number="665" hits="6" branch="False" />
            <line number="715" hits="17" branch="False" />
            <line number="716" hits="17" branch="False" />
            <line number="717" hits="17" branch="False" />
            <line number="718" hits="17" branch="False" />
            <line number="719" hits="17" branch="False" />
            <line number="720" hits="17" branch="False" />
            <line number="721" hits="17" branch="False" />
            <line number="722" hits="17" branch="False" />
            <line number="724" hits="17" branch="False" />
            <line number="725" hits="17" branch="False" />
            <line number="726" hits="17" branch="True" condition-coverage="100% (2/2)">
              <conditions>
                <condition number="117" type="jump" coverage="100%" />
              </conditions>
            </line>
            <line number="728" hits="17" branch="False" />
            <line number="729" hits="17" branch="False" />
            <line number="730" hits="17" branch="False" />
            <line number="731" hits="17" branch="True" condition-coverage="100% (2/2)">
              <conditions>
                <condition number="199" type="jump" coverage="100%" />
              </conditions>
            </line>
            <line number="732" hits="7" branch="False" />
            <line number="734" hits="10" branch="False" />
            <line number="735" hits="17" branch="False" />
            <line number="736" hits="17" branch="False" />
            <line number="816" hits="2" branch="False" />
            <line number="817" hits="2" branch="False" />
            <line number="818" hits="2" branch="False" />
            <line number="819" hits="2" branch="False" />
            <line number="820" hits="2" branch="False" />
            <line number="821" hits="2" branch="False" />
            <line number="822" hits="2" branch="False" />
            <line number="858" hits="1" branch="False" />
            <line number="859" hits="2" branch="False" />
            <line number="860" hits="1" branch="False" />
            <line number="861" hits="1" branch="False" />
            <line number="862" hits="1" branch="False" />
            <line number="863" hits="1" branch="False" />
            <line number="864" hits="1" branch="False" />
            <line number="865" hits="1" branch="False" />
            <line number="866" hits="1" branch="False" />
            <line number="867" hits="1" branch="False" />
            <line number="874" hits="3" branch="False" />
            <line number="875" hits="3" branch="False" />
            <line number="876" hits="3" branch="False" />
            <line number="877" hits="3" branch="False" />
            <line number="878" hits="3" branch="False" />
            <line number="886" hits="4" branch="False" />
            <line number="887" hits="4" branch="False" />
            <line number="888" hits="4" branch="False" />
            <line number="889" hits="4" branch="False" />
            <line number="890" hits="4" branch="False" />
            <line number="20" hits="146" branch="False" />
          </lines>
        </class>
        <class name="Mawosoft.ImdbScrape.SidebarTests.DeepEqualNotSameEqualityComparerTests/EnumerateIEnumerable_WithArrays_TheoryData" filename="Projects\ImdbScrape\tests\UnitTests\Mawosoft.ImdbScrape.SidebarTests\DeepEqualNotSameEqualityComparerTests.cs" line-rate="1" branch-rate="1" complexity="1">
          <methods>
            <method name=".ctor" signature="()" line-rate="1" branch-rate="1" complexity="1">
              <lines>
                <line number="108" hits="2" branch="False" />
                <line number="109" hits="2" branch="False" />
                <line number="114" hits="4" branch="False" />
                <line number="115" hits="4" branch="False" />
                <line number="116" hits="2" branch="False" />
                <line number="117" hits="2" branch="False" />
                <line number="118" hits="2" branch="False" />
                <line number="119" hits="2" branch="False" />
                <line number="120" hits="2" branch="False" />
                <line number="121" hits="2" branch="False" />
                <line number="122" hits="2" branch="False" />
                <line number="123" hits="2" branch="False" />
                <line number="124" hits="2" branch="False" />
                <line number="125" hits="2" branch="False" />
                <line number="126" hits="2" branch="False" />
                <line number="127" hits="2" branch="False" />
                <line number="128" hits="2" branch="False" />
                <line number="129" hits="2" branch="False" />
                <line number="130" hits="2" branch="False" />
                <line number="131" hits="2" branch="False" />
                <line number="132" hits="2" branch="False" />
                <line number="133" hits="2" branch="False" />
                <line number="135" hits="4" branch="False" />
                <line number="136" hits="4" branch="False" />
                <line number="137" hits="2" branch="False" />
                <line number="138" hits="2" branch="False" />
                <line number="139" hits="2" branch="False" />
                <line number="140" hits="2" branch="False" />
                <line number="141" hits="2" branch="False" />
                <line number="142" hits="2" branch="False" />
                <line number="143" hits="2" branch="False" />
                <line number="144" hits="2" branch="False" />
                <line number="145" hits="2" branch="False" />
                <line number="146" hits="2" branch="False" />
                <line number="147" hits="2" branch="False" />
                <line number="148" hits="2" branch="False" />
                <line number="150" hits="2" branch="False" />
                <line number="151" hits="2" branch="False" />
                <line number="152" hits="4" branch="False" />
                <line number="153" hits="2" branch="False" />
                <line number="154" hits="2" branch="False" />
                <line number="155" hits="2" branch="False" />
                <line number="156" hits="2" branch="False" />
                <line number="157" hits="2" branch="False" />
                <line number="158" hits="2" branch="False" />
                <line number="159" hits="2" branch="False" />
                <line number="160" hits="2" branch="False" />
                <line number="161" hits="2" branch="False" />
                <line number="162" hits="2" branch="False" />
                <line number="163" hits="2" branch="False" />
                <line number="164" hits="2" branch="False" />
                <line number="165" hits="2" branch="False" />
                <line number="166" hits="2" branch="False" />
                <line number="167" hits="2" branch="False" />
              </lines>
            </method>
          </methods>
          <lines>
            <line number="108" hits="2" branch="False" />
            <line number="109" hits="2" branch="False" />
            <line number="114" hits="4" branch="False" />
            <line number="115" hits="4" branch="False" />
            <line number="116" hits="2" branch="False" />
            <line number="117" hits="2" branch="False" />
            <line number="118" hits="2" branch="False" />
            <line number="119" hits="2" branch="False" />
            <line number="120" hits="2" branch="False" />
            <line number="121" hits="2" branch="False" />
            <line number="122" hits="2" branch="False" />
            <line number="123" hits="2" branch="False" />
            <line number="124" hits="2" branch="False" />
            <line number="125" hits="2" branch="False" />
            <line number="126" hits="2" branch="False" />
            <line number="127" hits="2" branch="False" />
            <line number="128" hits="2" branch="False" />
            <line number="129" hits="2" branch="False" />
            <line number="130" hits="2" branch="False" />
            <line number="131" hits="2" branch="False" />
            <line number="132" hits="2" branch="False" />
            <line number="133" hits="2" branch="False" />
            <line number="135" hits="4" branch="False" />
            <line number="136" hits="4" branch="False" />
            <line number="137" hits="2" branch="False" />
            <line number="138" hits="2" branch="False" />
            <line number="139" hits="2" branch="False" />
            <line number="140" hits="2" branch="False" />
            <line number="141" hits="2" branch="False" />
            <line number="142" hits="2" branch="False" />
            <line number="143" hits="2" branch="False" />
            <line number="144" hits="2" branch="False" />
            <line number="145" hits="2" branch="False" />
            <line number="146" hits="2" branch="False" />
            <line number="147" hits="2" branch="False" />
            <line number="148" hits="2" branch="False" />
            <line number="150" hits="2" branch="False" />
            <line number="151" hits="2" branch="False" />
            <line number="152" hits="4" branch="False" />
            <line number="153" hits="2" branch="False" />
            <line number="154" hits="2" branch="False" />
            <line number="155" hits="2" branch="False" />
            <line number="156" hits="2" branch="False" />
            <line number="157" hits="2" branch="False" />
            <line number="158" hits="2" branch="False" />
            <line number="159" hits="2" branch="False" />
            <line number="160" hits="2" branch="False" />
            <line number="161" hits="2" branch="False" />
            <line number="162" hits="2" branch="False" />
            <line number="163" hits="2" branch="False" />
            <line number="164" hits="2" branch="False" />
            <line number="165" hits="2" branch="False" />
            <line number="166" hits="2" branch="False" />
            <line number="167" hits="2" branch="False" />
          </lines>
        </class>
        <class name="Mawosoft.ImdbScrape.SidebarTests.DeepEqualNotSameEqualityComparerTests/EnumerateIEnumerable_WithCollections_TheoryData" filename="Projects\ImdbScrape\tests\UnitTests\Mawosoft.ImdbScrape.SidebarTests\DeepEqualNotSameEqualityComparerTests.cs" line-rate="1" branch-rate="1" complexity="1">
          <methods>
            <method name=".ctor" signature="()" line-rate="1" branch-rate="1" complexity="1">
              <lines>
                <line number="181" hits="2" branch="False" />
                <line number="182" hits="2" branch="False" />
                <line number="187" hits="2" branch="False" />
                <line number="189" hits="4" branch="False" />
                <line number="190" hits="4" branch="False" />
                <line number="191" hits="2" branch="False" />
                <line number="192" hits="2" branch="False" />
                <line number="193" hits="2" branch="False" />
                <line number="194" hits="2" branch="False" />
                <line number="195" hits="2" branch="False" />
                <line number="196" hits="2" branch="False" />
                <line number="197" hits="2" branch="False" />
                <line number="198" hits="2" branch="False" />
                <line number="199" hits="2" branch="False" />
                <line number="200" hits="2" branch="False" />
                <line number="201" hits="2" branch="False" />
                <line number="202" hits="2" branch="False" />
                <line number="203" hits="2" branch="False" />
                <line number="204" hits="2" branch="False" />
                <line number="205" hits="2" branch="False" />
                <line number="206" hits="2" branch="False" />
                <line number="207" hits="2" branch="False" />
                <line number="208" hits="2" branch="False" />
                <line number="209" hits="2" branch="False" />
                <line number="210" hits="2" branch="False" />
                <line number="212" hits="4" branch="False" />
                <line number="213" hits="4" branch="False" />
                <line number="214" hits="2" branch="False" />
                <line number="216" hits="2" branch="False" />
                <line number="217" hits="2" branch="False" />
                <line number="219" hits="4" branch="False" />
                <line number="220" hits="4" branch="False" />
                <line number="221" hits="2" branch="False" />
                <line number="222" hits="2" branch="False" />
                <line number="223" hits="2" branch="False" />
                <line number="224" hits="2" branch="False" />
                <line number="225" hits="2" branch="False" />
                <line number="226" hits="2" branch="False" />
                <line number="227" hits="2" branch="False" />
                <line number="228" hits="2" branch="False" />
                <line number="229" hits="2" branch="False" />
                <line number="230" hits="2" branch="False" />
                <line number="231" hits="2" branch="False" />
                <line number="232" hits="2" branch="False" />
                <line number="233" hits="2" branch="False" />
                <line number="234" hits="2" branch="False" />
                <line number="235" hits="2" branch="False" />
                <line number="236" hits="2" branch="False" />
                <line number="237" hits="2" branch="False" />
                <line number="238" hits="2" branch="False" />
                <line number="239" hits="2" branch="False" />
                <line number="240" hits="2" branch="False" />
                <line number="241" hits="2" branch="False" />
                <line number="242" hits="2" branch="False" />
                <line number="243" hits="2" branch="False" />
                <line number="244" hits="2" branch="False" />
                <line number="245" hits="2" branch="False" />
[...]
            <line number="110" hits="1153751" branch="False" />
            <line number="111" hits="1153751" branch="False" />
            <line number="112" hits="1153751" branch="True" condition-coverage="100% (2/2)">
              <conditions>
                <condition number="549" type="jump" coverage="100%" />
              </conditions>
            </line>
            <line number="113" hits="40" branch="False" />
            <line number="114" hits="1153751" branch="True" condition-coverage="100% (2/2)">
              <conditions>
                <condition number="600" type="jump" coverage="100%" />
              </conditions>
            </line>
            <line number="115" hits="40" branch="False" />
            <line number="116" hits="1153711" branch="True" condition-coverage="50% (1/2)">
              <conditions>
                <condition number="630" type="jump" coverage="50%" />
              </conditions>
            </line>
            <line number="117" hits="0" branch="False" />
            <line number="118" hits="0" branch="False" />
            <line number="119" hits="0" branch="False" />
            <line number="120" hits="0" branch="False" />
            <line number="121" hits="1153711" branch="False" />
            <line number="122" hits="1153711" branch="False" />
            <line number="123" hits="40" branch="False" />
            <line number="124" hits="40" branch="False" />
          </lines>
        </class>
        <class name="Mawosoft.ImdbScrape.SidebarTests.ParallelismTests" filename="Projects\ImdbScrape\tests\UnitTests\Mawosoft.ImdbScrape.SidebarTests\ParallelismTests.cs" line-rate="1" branch-rate="1" complexity="5">
          <methods>
            <method name="ParallelTest" signature="(System.Boolean,System.Threading.Tasks.TaskCreationOptions,System.Int32,System.Int64,System.Int32)" line-rate="1" branch-rate="1" complexity="4">
              <lines>
                <line number="161" hits="8" branch="False" />
                <line number="162" hits="8" branch="False" />
                <line number="163" hits="8" branch="False" />
                <line number="164" hits="8" branch="False" />
                <line number="165" hits="8" branch="False" />
                <line number="166" hits="8" branch="False" />
                <line number="167" hits="8" branch="False" />
                <line number="168" hits="8" branch="False" />
                <line number="169" hits="8" branch="False" />
                <line number="170" hits="8" branch="False" />
                <line number="171" hits="648" branch="False" />
                <line number="172" hits="8" branch="False" />
                <line number="173" hits="8" branch="False" />
                <line number="174" hits="8" branch="False" />
                <line number="175" hits="808" branch="False" />
                <line number="176" hits="8" branch="True" condition-coverage="100% (2/2)">
                  <conditions>
                    <condition number="181" type="jump" coverage="100%" />
                  </conditions>
                </line>
                <line number="177" hits="80" branch="False" />
                <line number="178" hits="80" branch="False" />
                <line number="179" hits="8" branch="False" />
                <line number="180" hits="80" branch="False" />
                <line number="181" hits="80" branch="False" />
                <line number="182" hits="80" branch="False" />
                <line number="183" hits="8" branch="False" />
                <line number="184" hits="88" branch="False" />
                <line number="185" hits="336" branch="True" condition-coverage="100% (2/2)">
                  <conditions>
                    <condition number="763" type="jump" coverage="100%" />
                  </conditions>
                </line>
                <line number="186" hits="160" branch="False" />
                <line number="187" hits="160" branch="False" />
                <line number="188" hits="160" branch="False" />
                <line number="189" hits="160" branch="False" />
                <line number="190" hits="160" branch="False" />
                <line number="191" hits="160" branch="False" />
                <line number="197" hits="8" branch="False" />
              </lines>
            </method>
            <method name=".ctor" signature="(Xunit.Abstractions.ITestOutputHelper)" line-rate="1" branch-rate="1" complexity="1">
              <lines>
                <line number="151" hits="16" branch="False" />
              </lines>
            </method>
          </methods>
          <lines>
            <line number="161" hits="8" branch="False" />
            <line number="162" hits="8" branch="False" />
            <line number="163" hits="8" branch="False" />
            <line number="164" hits="8" branch="False" />
            <line number="165" hits="8" branch="False" />
            <line number="166" hits="8" branch="False" />
            <line number="167" hits="8" branch="False" />
            <line number="168" hits="8" branch="False" />
            <line number="169" hits="8" branch="False" />
            <line number="170" hits="8" branch="False" />
            <line number="171" hits="648" branch="False" />
            <line number="172" hits="8" branch="False" />
            <line number="173" hits="8" branch="False" />
            <line number="174" hits="8" branch="False" />
            <line number="175" hits="808" branch="False" />
            <line number="176" hits="8" branch="True" condition-coverage="100% (2/2)">
              <conditions>
                <condition number="181" type="jump" coverage="100%" />
              </conditions>
            </line>
            <line number="177" hits="80" branch="False" />
            <line number="178" hits="80" branch="False" />
            <line number="179" hits="8" branch="False" />
            <line number="180" hits="80" branch="False" />
            <line number="181" hits="80" branch="False" />
            <line number="182" hits="80" branch="False" />
            <line number="183" hits="8" branch="False" />
            <line number="184" hits="88" branch="False" />
            <line number="185" hits="336" branch="True" condition-coverage="100% (2/2)">
              <conditions>
                <condition number="763" type="jump" coverage="100%" />
              </conditions>
            </line>
            <line number="186" hits="160" branch="False" />
            <line number="187" hits="160" branch="False" />
            <line number="188" hits="160" branch="False" />
            <line number="189" hits="160" branch="False" />
            <line number="190" hits="160" branch="False" />
            <line number="191" hits="160" branch="False" />
            <line number="197" hits="8" branch="False" />
            <line number="151" hits="16" branch="False" />
          </lines>
        </class>
        <class name="Mawosoft.ImdbScrape.SidebarTests.ParallelismTests/&lt;&gt;c__DisplayClass2_0" filename="Projects\ImdbScrape\tests\UnitTests\Mawosoft.ImdbScrape.SidebarTests\ParallelismTests.cs" line-rate="1" branch-rate="1" complexity="1">
          <methods>
            <method name="&lt;ParallelTest&gt;g__GetAlignment|8" signature="(System.Converter`2&lt;Mawosoft.ImdbScrape.SidebarTests.ParallelTester/TaskInfo,System.Int64&gt;)" line-rate="1" branch-rate="1" complexity="1">
              <lines>
                <line number="194" hits="20" branch="False" />
                <line number="195" hits="20" branch="False" />
                <line number="196" hits="20" branch="False" />
              </lines>
            </method>
          </methods>
          <lines>
            <line number="194" hits="20" branch="False" />
            <line number="195" hits="20" branch="False" />
            <line number="196" hits="20" branch="False" />
          </lines>
        </class>
        <class name="Mawosoft.ImdbScrape.SidebarTests.ParallelismTests_NoParallelTests" filename="Projects\ImdbScrape\tests\UnitTests\Mawosoft.ImdbScrape.SidebarTests\ParallelismTests.cs" line-rate="1" branch-rate="1" complexity="2">
          <methods>
            <method name="ParallelTest" signature="(System.Boolean,System.Threading.Tasks.TaskCreationOptions,System.Int32,System.Int64,System.Int32)" line-rate="1" branch-rate="1" complexity="1">
              <lines>
                <line number="214" hits="4" branch="False" />
                <line number="215" hits="4" branch="False" />
                <line number="216" hits="4" branch="False" />
                <line number="217" hits="4" branch="False" />
              </lines>
            </method>
            <method name=".ctor" signature="(Xunit.Abstractions.ITestOutputHelper)" line-rate="1" branch-rate="1" complexity="1">
              <lines>
                <line number="204" hits="8" branch="False" />
              </lines>
            </method>
          </methods>
          <lines>
            <line number="214" hits="4" branch="False" />
            <line number="215" hits="4" branch="False" />
            <line number="216" hits="4" branch="False" />
            <line number="217" hits="4" branch="False" />
            <line number="204" hits="8" branch="False" />
          </lines>
        </class>
        <class name="Mawosoft.ImdbScrape.SidebarTests.ThreadSafeSidebarTests_NoParallelTests" filename="Projects\ImdbScrape\tests\UnitTests\Mawosoft.ImdbScrape.SidebarTests\ThreadsafeSidebarTests.cs" line-rate="0.8695" branch-rate="0.75" complexity="9">
          <methods>
            <method name="IncrementXxx_ProofOfConcept" signature="(System.Action,System.Boolean)" line-rate="0.8636" branch-rate="0.75" complexity="8">
              <lines>
                <line number="64" hits="4" branch="False" />
                <line number="65" hits="4" branch="False" />
                <line number="66" hits="4" branch="False" />
                <line number="67" hits="4" branch="False" />
                <line number="68" hits="4" branch="True" condition-coverage="100% (2/2)">
                  <conditions>
                    <condition number="29" type="jump" coverage="100%" />
                  </conditions>
                </line>
                <line number="69" hits="2" branch="False" />
                <line number="70" hits="2" branch="False" />
                <line number="71" hits="2" branch="False" />
                <line number="72" hits="2" branch="False" />
                <line number="74" hits="2" branch="False" />
                <line number="77" hits="2" branch="False" />
                <line number="78" hits="2" branch="False" />
                <line number="80" hits="2" branch="False" />
                <line number="81" hits="2" branch="False" />
                <line number="82" hits="4" branch="True" condition-coverage="75% (3/4)">
                  <conditions>
                    <condition number="92" type="jump" coverage="100%" />
                    <condition number="72" type="jump" coverage="50%" />
                  </conditions>
                </line>
                <line number="83" hits="2" branch="True" condition-coverage="50% (1/2)">
                  <conditions>
                    <condition number="103" type="jump" coverage="50%" />
                  </conditions>
                </line>
                <line number="84" hits="0" branch="False" />
                <line number="85" hits="0" branch="False" />
                <line number="86" hits="0" branch="False" />
                <line number="87" hits="2" branch="False" />
                <line number="88" hits="2" branch="False" />
                <line number="89" hits="4" branch="False" />
              </lines>
            </method>
            <method name=".ctor" signature="(Xunit.Abstractions.ITestOutputHelper)" line-rate="1" branch-rate="1" complexity="1">
              <lines>
                <line number="19" hits="8" branch="False" />
              </lines>
            </method>
          </methods>
          <lines>
            <line number="64" hits="4" branch="False" />
            <line number="65" hits="4" branch="False" />
            <line number="66" hits="4" branch="False" />
            <line number="67" hits="4" branch="False" />
            <line number="68" hits="4" branch="True" condition-coverage="100% (2/2)">
              <conditions>
                <condition number="29" type="jump" coverage="100%" />
              </conditions>
            </line>
            <line number="69" hits="2" branch="False" />
            <line number="70" hits="2" branch="False" />
            <line number="71" hits="2" branch="False" />
            <line number="72" hits="2" branch="False" />
            <line number="74" hits="2" branch="False" />
            <line number="77" hits="2" branch="False" />
            <line number="78" hits="2" branch="False" />
            <line number="80" hits="2" branch="False" />
            <line number="81" hits="2" branch="False" />
            <line number="82" hits="4" branch="True" condition-coverage="75% (3/4)">
              <conditions>
                <condition number="92" type="jump" coverage="100%" />
                <condition number="72" type="jump" coverage="50%" />
              </conditions>
            </line>
            <line number="83" hits="2" branch="True" condition-coverage="50% (1/2)">
              <conditions>
                <condition number="103" type="jump" coverage="50%" />
              </conditions>
            </line>
            <line number="84" hits="0" branch="False" />
            <line number="85" hits="0" branch="False" />
            <line number="86" hits="0" branch="False" />
            <line number="87" hits="2" branch="False" />
            <line number="88" hits="2" branch="False" />
            <line number="89" hits="4" branch="False" />
            <line number="19" hits="8" branch="False" />
          </lines>
        </class>
        <class name="Mawosoft.ImdbScrape.SidebarTests.ThreadSafeSidebarTests_NoParallelTests/ThreadSafeSidebar" filename="Projects\ImdbScrape\tests\UnitTests\Mawosoft.ImdbScrape.SidebarTests\ThreadsafeSidebarTests.cs" line-rate="1" branch-rate="1" complexity="9">
          <methods>
            <method name="IncrementUnprotected" signature="()" line-rate="1" branch-rate="1" complexity="1">
              <lines>
                <line number="26" hits="10000" branch="False" />
              </lines>
            </method>
            <method name="IncrementVolatile" signature="()" line-rate="1" branch-rate="1" complexity="1">
              <lines>
                <line number="27" hits="10000" branch="False" />
              </lines>
            </method>
            <method name="IncrementInterlocked" signature="()" line-rate="1" branch-rate="1" complexity="1">
              <lines>
                <line number="28" hits="10000" branch="False" />
              </lines>
            </method>
            <method name="IncrementLocked" signature="()" line-rate="1" branch-rate="1" complexity="1">
              <lines>
                <line number="29" hits="70000" branch="False" />
              </lines>
            </method>
            <method name="RunTest" signature="(System.Int32,System.Action)" line-rate="1" branch-rate="1" complexity="4">
              <lines>
                <line number="32" hits="4" branch="False" />
                <line number="33" hits="4" branch="False" />
                <line number="34" hits="4" branch="False" />
                <line number="35" hits="4" branch="False" />
                <line number="36" hits="80008" branch="True" condition-coverage="100% (2/2)">
                  <conditions>
                    <condition number="53" type="jump" coverage="100%" />
                  </conditions>
                </line>
                <line number="37" hits="40000" branch="False" />
                <line number="38" hits="40000" branch="False" />
                <line number="39" hits="40000" branch="False" />
                <line number="40" hits="4" branch="False" />
                <line number="41" hits="4" branch="True" condition-coverage="100% (2/2)">
                  <conditions>
                    <condition number="87" type="jump" coverage="100%" />
                  </conditions>
                </line>
                <line number="42" hits="1" branch="False" />
                <line number="44" hits="3" branch="False" />
                <line number="45" hits="4" branch="False" />
              </lines>
            </method>
            <method name=".ctor" signature="()" line-rate="1" branch-rate="1" complexity="1">
              <lines>
                <line number="25" hits="2" branch="False" />
              </lines>
            </method>
          </methods>
          <lines>
            <line number="26" hits="10000" branch="False" />
            <line number="27" hits="10000" branch="False" />
            <line number="28" hits="10000" branch="False" />
            <line number="29" hits="70000" branch="False" />
            <line number="32" hits="4" branch="False" />
            <line number="33" hits="4" branch="False" />
            <line number="34" hits="4" branch="False" />
            <line number="35" hits="4" branch="False" />
            <line number="36" hits="80008" branch="True" condition-coverage="100% (2/2)">
              <conditions>
                <condition number="53" type="jump" coverage="100%" />
              </conditions>
            </line>
            <line number="37" hits="40000" branch="False" />
            <line number="38" hits="40000" branch="False" />
            <line number="39" hits="40000" branch="False" />
            <line number="40" hits="4" branch="False" />
            <line number="41" hits="4" branch="True" condition-coverage="100% (2/2)">
              <conditions>
                <condition number="87" type="jump" coverage="100%" />
              </conditions>
            </line>
            <line number="42" hits="1" branch="False" />
            <line number="44" hits="3" branch="False" />
            <line number="45" hits="4" branch="False" />
            <line number="25" hits="2" branch="False" />
          </lines>
        </class>
        <class name="Mawosoft.ImdbScrape.SidebarTests.ThreadSafeSidebarTests_NoParallelTests/ThreadSafeSidebar_TheoryData" filename="Projects\ImdbScrape\tests\UnitTests\Mawosoft.ImdbScrape.SidebarTests\ThreadsafeSidebarTests.cs" line-rate="1" branch-rate="1" complexity="1">
          <methods>
            <method name=".ctor" signature="()" line-rate="1" branch-rate="1" complexity="1">
              <lines>
                <line number="50" hits="2" branch="False" />
                <line number="51" hits="2" branch="False" />
                <line number="52" hits="2" branch="False" />
                <line number="53" hits="2" branch="False" />
                <line number="54" hits="2" branch="False" />
                <line number="55" hits="2" branch="False" />
                <line number="56" hits="2" branch="False" />
                <line number="57" hits="2" branch="False" />
              </lines>
            </method>
          </methods>
          <lines>
            <line number="50" hits="2" branch="False" />
            <line number="51" hits="2" branch="False" />
            <line number="52" hits="2" branch="False" />
            <line number="53" hits="2" branch="False" />
            <line number="54" hits="2" branch="False" />
            <line number="55" hits="2" branch="False" />
            <line number="56" hits="2" branch="False" />
            <line number="57" hits="2" branch="False" />
          </lines>
        </class>
      </classes>
    </package>
  </packages>
</coverage>